{"/Users/sibi/362/CPSC-362-Activity-1/server/app.js": {"path":"/Users/sibi/362/CPSC-362-Activity-1/server/app.js","statementMap":{"0":{"start":{"line":1,"column":16},"end":{"line":1,"column":34}},"1":{"start":{"line":2,"column":17},"end":{"line":2,"column":36}},"2":{"start":{"line":3,"column":15},"end":{"line":3,"column":32}},"3":{"start":{"line":4,"column":0},"end":{"line":4,"column":16}},"4":{"start":{"line":6,"column":12},"end":{"line":6,"column":21}},"5":{"start":{"line":7,"column":13},"end":{"line":7,"column":37}},"6":{"start":{"line":10,"column":12},"end":{"line":12,"column":25}},"7":{"start":{"line":15,"column":0},"end":{"line":17,"column":63}},"8":{"start":{"line":16,"column":12},"end":{"line":16,"column":47}},"9":{"start":{"line":17,"column":14},"end":{"line":17,"column":61}},"10":{"start":{"line":19,"column":0},"end":{"line":19,"column":24}},"11":{"start":{"line":22,"column":19},"end":{"line":22,"column":36}},"12":{"start":{"line":23,"column":0},"end":{"line":23,"column":29}},"13":{"start":{"line":25,"column":17},"end":{"line":25,"column":45}},"14":{"start":{"line":28,"column":0},"end":{"line":36,"column":3}},"15":{"start":{"line":29,"column":2},"end":{"line":35,"column":3}},"16":{"start":{"line":30,"column":24},"end":{"line":30,"column":46}},"17":{"start":{"line":31,"column":4},"end":{"line":31,"column":29}},"18":{"start":{"line":32,"column":4},"end":{"line":32,"column":38}},"19":{"start":{"line":34,"column":4},"end":{"line":34,"column":49}},"20":{"start":{"line":39,"column":0},"end":{"line":46,"column":3}},"21":{"start":{"line":40,"column":2},"end":{"line":45,"column":3}},"22":{"start":{"line":41,"column":23},"end":{"line":41,"column":44}},"23":{"start":{"line":42,"column":4},"end":{"line":42,"column":25}},"24":{"start":{"line":44,"column":4},"end":{"line":44,"column":49}},"25":{"start":{"line":49,"column":0},"end":{"line":59,"column":3}},"26":{"start":{"line":50,"column":2},"end":{"line":58,"column":3}},"27":{"start":{"line":51,"column":21},"end":{"line":51,"column":59}},"28":{"start":{"line":52,"column":4},"end":{"line":54,"column":5}},"29":{"start":{"line":53,"column":6},"end":{"line":53,"column":67}},"30":{"start":{"line":55,"column":4},"end":{"line":55,"column":23}},"31":{"start":{"line":57,"column":4},"end":{"line":57,"column":49}},"32":{"start":{"line":62,"column":0},"end":{"line":72,"column":3}},"33":{"start":{"line":63,"column":2},"end":{"line":71,"column":3}},"34":{"start":{"line":64,"column":21},"end":{"line":64,"column":93}},"35":{"start":{"line":65,"column":4},"end":{"line":67,"column":5}},"36":{"start":{"line":66,"column":6},"end":{"line":66,"column":67}},"37":{"start":{"line":68,"column":4},"end":{"line":68,"column":23}},"38":{"start":{"line":70,"column":4},"end":{"line":70,"column":49}},"39":{"start":{"line":75,"column":0},"end":{"line":85,"column":3}},"40":{"start":{"line":76,"column":2},"end":{"line":84,"column":3}},"41":{"start":{"line":77,"column":21},"end":{"line":77,"column":68}},"42":{"start":{"line":78,"column":4},"end":{"line":80,"column":5}},"43":{"start":{"line":79,"column":6},"end":{"line":79,"column":67}},"44":{"start":{"line":81,"column":4},"end":{"line":81,"column":27}},"45":{"start":{"line":83,"column":4},"end":{"line":83,"column":49}},"46":{"start":{"line":88,"column":22},"end":{"line":88,"column":42}},"47":{"start":{"line":89,"column":0},"end":{"line":89,"column":28}},"48":{"start":{"line":91,"column":0},"end":{"line":91,"column":21}}},"fnMap":{"0":{"name":"(anonymous_0)","decl":{"start":{"line":16,"column":6},"end":{"line":16,"column":7}},"loc":{"start":{"line":16,"column":12},"end":{"line":16,"column":47}},"line":16},"1":{"name":"(anonymous_1)","decl":{"start":{"line":17,"column":7},"end":{"line":17,"column":8}},"loc":{"start":{"line":17,"column":14},"end":{"line":17,"column":61}},"line":17},"2":{"name":"(anonymous_2)","decl":{"start":{"line":28,"column":24},"end":{"line":28,"column":25}},"loc":{"start":{"line":28,"column":44},"end":{"line":36,"column":1}},"line":28},"3":{"name":"(anonymous_3)","decl":{"start":{"line":39,"column":23},"end":{"line":39,"column":24}},"loc":{"start":{"line":39,"column":43},"end":{"line":46,"column":1}},"line":39},"4":{"name":"(anonymous_4)","decl":{"start":{"line":49,"column":27},"end":{"line":49,"column":28}},"loc":{"start":{"line":49,"column":47},"end":{"line":59,"column":1}},"line":49},"5":{"name":"(anonymous_5)","decl":{"start":{"line":62,"column":27},"end":{"line":62,"column":28}},"loc":{"start":{"line":62,"column":47},"end":{"line":72,"column":1}},"line":62},"6":{"name":"(anonymous_6)","decl":{"start":{"line":75,"column":30},"end":{"line":75,"column":31}},"loc":{"start":{"line":75,"column":50},"end":{"line":85,"column":1}},"line":75}},"branchMap":{"0":{"loc":{"start":{"line":7,"column":13},"end":{"line":7,"column":37}},"type":"binary-expr","locations":[{"start":{"line":7,"column":13},"end":{"line":7,"column":29}},{"start":{"line":7,"column":33},"end":{"line":7,"column":37}}],"line":7},"1":{"loc":{"start":{"line":10,"column":12},"end":{"line":12,"column":25}},"type":"cond-expr","locations":[{"start":{"line":11,"column":4},"end":{"line":11,"column":30}},{"start":{"line":12,"column":4},"end":{"line":12,"column":25}}],"line":10},"2":{"loc":{"start":{"line":52,"column":4},"end":{"line":54,"column":5}},"type":"if","locations":[{"start":{"line":52,"column":4},"end":{"line":54,"column":5}},{"start":{},"end":{}}],"line":52},"3":{"loc":{"start":{"line":65,"column":4},"end":{"line":67,"column":5}},"type":"if","locations":[{"start":{"line":65,"column":4},"end":{"line":67,"column":5}},{"start":{},"end":{}}],"line":65},"4":{"loc":{"start":{"line":78,"column":4},"end":{"line":80,"column":5}},"type":"if","locations":[{"start":{"line":78,"column":4},"end":{"line":80,"column":5}},{"start":{},"end":{}}],"line":78}},"s":{"0":3,"1":3,"2":3,"3":3,"4":3,"5":3,"6":3,"7":3,"8":3,"9":0,"10":3,"11":3,"12":3,"13":3,"14":3,"15":1,"16":1,"17":1,"18":1,"19":0,"20":3,"21":1,"22":1,"23":1,"24":0,"25":3,"26":2,"27":2,"28":2,"29":1,"30":1,"31":0,"32":3,"33":2,"34":2,"35":2,"36":1,"37":1,"38":0,"39":3,"40":2,"41":2,"42":2,"43":1,"44":1,"45":0,"46":3,"47":3,"48":3},"f":{"0":3,"1":0,"2":1,"3":1,"4":2,"5":2,"6":2},"b":{"0":[3,3],"1":[3,0],"2":[1,1],"3":[1,1],"4":[1,1]},"_coverageSchema":"1a1c01bbd47fc00a2c39e90264f33305004495a9","hash":"a36793b8fa2496fad855c8ca023b9f0d157a1c8b"}
,"/Users/sibi/362/CPSC-362-Activity-1/server/auth.js": {"path":"/Users/sibi/362/CPSC-362-Activity-1/server/auth.js","statementMap":{"0":{"start":{"line":1,"column":16},"end":{"line":1,"column":34}},"1":{"start":{"line":2,"column":15},"end":{"line":2,"column":34}},"2":{"start":{"line":3,"column":13},"end":{"line":3,"column":37}},"3":{"start":{"line":5,"column":15},"end":{"line":5,"column":31}},"4":{"start":{"line":8,"column":0},"end":{"line":25,"column":3}},"5":{"start":{"line":9,"column":2},"end":{"line":24,"column":3}},"6":{"start":{"line":10,"column":32},"end":{"line":10,"column":40}},"7":{"start":{"line":11,"column":4},"end":{"line":13,"column":5}},"8":{"start":{"line":12,"column":6},"end":{"line":12,"column":83}},"9":{"start":{"line":14,"column":25},"end":{"line":14,"column":54}},"10":{"start":{"line":15,"column":4},"end":{"line":17,"column":5}},"11":{"start":{"line":16,"column":6},"end":{"line":16,"column":89}},"12":{"start":{"line":18,"column":27},"end":{"line":18,"column":58}},"13":{"start":{"line":19,"column":20},"end":{"line":19,"column":65}},"14":{"start":{"line":20,"column":4},"end":{"line":20,"column":25}},"15":{"start":{"line":21,"column":4},"end":{"line":21,"column":67}},"16":{"start":{"line":23,"column":4},"end":{"line":23,"column":49}},"17":{"start":{"line":28,"column":0},"end":{"line":46,"column":3}},"18":{"start":{"line":29,"column":2},"end":{"line":45,"column":3}},"19":{"start":{"line":30,"column":32},"end":{"line":30,"column":40}},"20":{"start":{"line":31,"column":4},"end":{"line":33,"column":5}},"21":{"start":{"line":32,"column":6},"end":{"line":32,"column":83}},"22":{"start":{"line":34,"column":17},"end":{"line":34,"column":46}},"23":{"start":{"line":35,"column":4},"end":{"line":37,"column":5}},"24":{"start":{"line":36,"column":6},"end":{"line":36,"column":77}},"25":{"start":{"line":38,"column":20},"end":{"line":38,"column":65}},"26":{"start":{"line":39,"column":4},"end":{"line":41,"column":5}},"27":{"start":{"line":40,"column":6},"end":{"line":40,"column":77}},"28":{"start":{"line":42,"column":4},"end":{"line":42,"column":58}},"29":{"start":{"line":44,"column":4},"end":{"line":44,"column":49}},"30":{"start":{"line":48,"column":0},"end":{"line":48,"column":24}}},"fnMap":{"0":{"name":"(anonymous_0)","decl":{"start":{"line":8,"column":23},"end":{"line":8,"column":24}},"loc":{"start":{"line":8,"column":43},"end":{"line":25,"column":1}},"line":8},"1":{"name":"(anonymous_1)","decl":{"start":{"line":28,"column":22},"end":{"line":28,"column":23}},"loc":{"start":{"line":28,"column":42},"end":{"line":46,"column":1}},"line":28}},"branchMap":{"0":{"loc":{"start":{"line":11,"column":4},"end":{"line":13,"column":5}},"type":"if","locations":[{"start":{"line":11,"column":4},"end":{"line":13,"column":5}},{"start":{},"end":{}}],"line":11},"1":{"loc":{"start":{"line":11,"column":8},"end":{"line":11,"column":27}},"type":"binary-expr","locations":[{"start":{"line":11,"column":8},"end":{"line":11,"column":14}},{"start":{"line":11,"column":18},"end":{"line":11,"column":27}}],"line":11},"2":{"loc":{"start":{"line":15,"column":4},"end":{"line":17,"column":5}},"type":"if","locations":[{"start":{"line":15,"column":4},"end":{"line":17,"column":5}},{"start":{},"end":{}}],"line":15},"3":{"loc":{"start":{"line":31,"column":4},"end":{"line":33,"column":5}},"type":"if","locations":[{"start":{"line":31,"column":4},"end":{"line":33,"column":5}},{"start":{},"end":{}}],"line":31},"4":{"loc":{"start":{"line":31,"column":8},"end":{"line":31,"column":27}},"type":"binary-expr","locations":[{"start":{"line":31,"column":8},"end":{"line":31,"column":14}},{"start":{"line":31,"column":18},"end":{"line":31,"column":27}}],"line":31},"5":{"loc":{"start":{"line":35,"column":4},"end":{"line":37,"column":5}},"type":"if","locations":[{"start":{"line":35,"column":4},"end":{"line":37,"column":5}},{"start":{},"end":{}}],"line":35},"6":{"loc":{"start":{"line":39,"column":4},"end":{"line":41,"column":5}},"type":"if","locations":[{"start":{"line":39,"column":4},"end":{"line":41,"column":5}},{"start":{},"end":{}}],"line":39}},"s":{"0":3,"1":3,"2":3,"3":3,"4":3,"5":4,"6":4,"7":4,"8":2,"9":2,"10":2,"11":1,"12":1,"13":1,"14":1,"15":1,"16":0,"17":3,"18":5,"19":5,"20":5,"21":2,"22":3,"23":3,"24":1,"25":2,"26":2,"27":1,"28":1,"29":0,"30":3},"f":{"0":4,"1":5},"b":{"0":[2,2],"1":[4,3],"2":[1,1],"3":[2,3],"4":[5,4],"5":[1,2],"6":[1,1]},"_coverageSchema":"1a1c01bbd47fc00a2c39e90264f33305004495a9","hash":"8ad64f43b23741224536332fab515a712ae2f56f"}
,"/Users/sibi/362/CPSC-362-Activity-1/server/booking.js": {"path":"/Users/sibi/362/CPSC-362-Activity-1/server/booking.js","statementMap":{"0":{"start":{"line":1,"column":16},"end":{"line":1,"column":34}},"1":{"start":{"line":2,"column":17},"end":{"line":2,"column":36}},"2":{"start":{"line":3,"column":16},"end":{"line":3,"column":43}},"3":{"start":{"line":4,"column":17},"end":{"line":4,"column":45}},"4":{"start":{"line":5,"column":13},"end":{"line":5,"column":37}},"5":{"start":{"line":7,"column":15},"end":{"line":7,"column":31}},"6":{"start":{"line":10,"column":0},"end":{"line":42,"column":3}},"7":{"start":{"line":11,"column":2},"end":{"line":41,"column":3}},"8":{"start":{"line":12,"column":55},"end":{"line":12,"column":63}},"9":{"start":{"line":15,"column":4},"end":{"line":17,"column":5}},"10":{"start":{"line":16,"column":6},"end":{"line":16,"column":84}},"11":{"start":{"line":20,"column":21},"end":{"line":20,"column":56}},"12":{"start":{"line":21,"column":4},"end":{"line":23,"column":5}},"13":{"start":{"line":22,"column":6},"end":{"line":22,"column":70}},"14":{"start":{"line":24,"column":17},"end":{"line":24,"column":44}},"15":{"start":{"line":25,"column":4},"end":{"line":27,"column":5}},"16":{"start":{"line":26,"column":6},"end":{"line":26,"column":66}},"17":{"start":{"line":30,"column":23},"end":{"line":35,"column":6}},"18":{"start":{"line":37,"column":4},"end":{"line":37,"column":28}},"19":{"start":{"line":38,"column":4},"end":{"line":38,"column":37}},"20":{"start":{"line":40,"column":4},"end":{"line":40,"column":49}},"21":{"start":{"line":45,"column":0},"end":{"line":54,"column":3}},"22":{"start":{"line":46,"column":2},"end":{"line":53,"column":3}},"23":{"start":{"line":47,"column":21},"end":{"line":49,"column":23}},"24":{"start":{"line":50,"column":4},"end":{"line":50,"column":23}},"25":{"start":{"line":52,"column":4},"end":{"line":52,"column":49}},"26":{"start":{"line":57,"column":0},"end":{"line":86,"column":3}},"27":{"start":{"line":58,"column":21},"end":{"line":58,"column":34}},"28":{"start":{"line":61,"column":2},"end":{"line":64,"column":3}},"29":{"start":{"line":63,"column":4},"end":{"line":63,"column":76}},"30":{"start":{"line":66,"column":2},"end":{"line":85,"column":3}},"31":{"start":{"line":68,"column":21},"end":{"line":68,"column":56}},"32":{"start":{"line":69,"column":4},"end":{"line":72,"column":5}},"33":{"start":{"line":71,"column":6},"end":{"line":71,"column":70}},"34":{"start":{"line":75,"column":21},"end":{"line":76,"column":23}},"35":{"start":{"line":79,"column":4},"end":{"line":79,"column":35}},"36":{"start":{"line":83,"column":4},"end":{"line":83,"column":76}},"37":{"start":{"line":84,"column":4},"end":{"line":84,"column":86}},"38":{"start":{"line":89,"column":0},"end":{"line":89,"column":24}}},"fnMap":{"0":{"name":"(anonymous_0)","decl":{"start":{"line":10,"column":25},"end":{"line":10,"column":26}},"loc":{"start":{"line":10,"column":45},"end":{"line":42,"column":1}},"line":10},"1":{"name":"(anonymous_1)","decl":{"start":{"line":45,"column":24},"end":{"line":45,"column":25}},"loc":{"start":{"line":45,"column":44},"end":{"line":54,"column":1}},"line":45},"2":{"name":"(anonymous_2)","decl":{"start":{"line":57,"column":39},"end":{"line":57,"column":40}},"loc":{"start":{"line":57,"column":59},"end":{"line":86,"column":1}},"line":57}},"branchMap":{"0":{"loc":{"start":{"line":15,"column":4},"end":{"line":17,"column":5}},"type":"if","locations":[{"start":{"line":15,"column":4},"end":{"line":17,"column":5}},{"start":{},"end":{}}],"line":15},"1":{"loc":{"start":{"line":15,"column":8},"end":{"line":15,"column":56}},"type":"binary-expr","locations":[{"start":{"line":15,"column":8},"end":{"line":15,"column":19}},{"start":{"line":15,"column":23},"end":{"line":15,"column":30}},{"start":{"line":15,"column":34},"end":{"line":15,"column":44}},{"start":{"line":15,"column":48},"end":{"line":15,"column":56}}],"line":15},"2":{"loc":{"start":{"line":21,"column":4},"end":{"line":23,"column":5}},"type":"if","locations":[{"start":{"line":21,"column":4},"end":{"line":23,"column":5}},{"start":{},"end":{}}],"line":21},"3":{"loc":{"start":{"line":25,"column":4},"end":{"line":27,"column":5}},"type":"if","locations":[{"start":{"line":25,"column":4},"end":{"line":27,"column":5}},{"start":{},"end":{}}],"line":25},"4":{"loc":{"start":{"line":61,"column":2},"end":{"line":64,"column":3}},"type":"if","locations":[{"start":{"line":61,"column":2},"end":{"line":64,"column":3}},{"start":{},"end":{}}],"line":61},"5":{"loc":{"start":{"line":69,"column":4},"end":{"line":72,"column":5}},"type":"if","locations":[{"start":{"line":69,"column":4},"end":{"line":72,"column":5}},{"start":{},"end":{}}],"line":69}},"s":{"0":3,"1":3,"2":3,"3":3,"4":3,"5":3,"6":3,"7":7,"8":7,"9":7,"10":1,"11":6,"12":6,"13":1,"14":5,"15":5,"16":1,"17":4,"18":4,"19":4,"20":0,"21":3,"22":1,"23":1,"24":1,"25":0,"26":3,"27":4,"28":4,"29":1,"30":3,"31":3,"32":3,"33":1,"34":2,"35":2,"36":0,"37":0,"38":3},"f":{"0":7,"1":1,"2":4},"b":{"0":[1,6],"1":[7,6,6,6],"2":[1,5],"3":[1,4],"4":[1,3],"5":[1,2]},"_coverageSchema":"1a1c01bbd47fc00a2c39e90264f33305004495a9","hash":"6dab1af5979f20e918384c121ef5c18ab533be88"}
,"/Users/sibi/362/CPSC-362-Activity-1/server/models/Booking.js": {"path":"/Users/sibi/362/CPSC-362-Activity-1/server/models/Booking.js","statementMap":{"0":{"start":{"line":1,"column":17},"end":{"line":1,"column":36}},"1":{"start":{"line":3,"column":22},"end":{"line":16,"column":24}},"2":{"start":{"line":18,"column":0},"end":{"line":18,"column":58}}},"fnMap":{},"branchMap":{},"s":{"0":3,"1":3,"2":3},"f":{},"b":{},"_coverageSchema":"1a1c01bbd47fc00a2c39e90264f33305004495a9","hash":"b8431afed771bd54eb8f52afb89da4032b323ad5"}
,"/Users/sibi/362/CPSC-362-Activity-1/server/models/User.js": {"path":"/Users/sibi/362/CPSC-362-Activity-1/server/models/User.js","statementMap":{"0":{"start":{"line":1,"column":17},"end":{"line":1,"column":36}},"1":{"start":{"line":3,"column":19},"end":{"line":6,"column":24}},"2":{"start":{"line":8,"column":0},"end":{"line":8,"column":52}}},"fnMap":{},"branchMap":{},"s":{"0":3,"1":3,"2":3},"f":{},"b":{},"_coverageSchema":"1a1c01bbd47fc00a2c39e90264f33305004495a9","hash":"fab5ce7aa12ee85bda79ff08192bc5b2bd4847f1"}
,"/Users/sibi/362/CPSC-362-Activity-1/server/models/property.js": {"path":"/Users/sibi/362/CPSC-362-Activity-1/server/models/property.js","statementMap":{"0":{"start":{"line":1,"column":17},"end":{"line":1,"column":36}},"1":{"start":{"line":3,"column":23},"end":{"line":25,"column":1}},"2":{"start":{"line":27,"column":0},"end":{"line":27,"column":60}}},"fnMap":{},"branchMap":{},"s":{"0":3,"1":3,"2":3},"f":{},"b":{},"_coverageSchema":"1a1c01bbd47fc00a2c39e90264f33305004495a9","hash":"012c4cb48b4782f53105538b056a49827b22b1fe"}
}
