{"/Users/sibi/362/CPSC-362-Activity-1/server/app.js": {"path":"/Users/sibi/362/CPSC-362-Activity-1/server/app.js","statementMap":{"0":{"start":{"line":1,"column":0},"end":{"line":1,"column":27}},"1":{"start":{"line":2,"column":16},"end":{"line":2,"column":34}},"2":{"start":{"line":3,"column":17},"end":{"line":3,"column":36}},"3":{"start":{"line":4,"column":13},"end":{"line":4,"column":28}},"4":{"start":{"line":6,"column":45},"end":{"line":6,"column":69}},"5":{"start":{"line":7,"column":23},"end":{"line":7,"column":50}},"6":{"start":{"line":8,"column":22},"end":{"line":8,"column":53}},"7":{"start":{"line":9,"column":23},"end":{"line":9,"column":51}},"8":{"start":{"line":11,"column":12},"end":{"line":11,"column":21}},"9":{"start":{"line":14,"column":0},"end":{"line":17,"column":4}},"10":{"start":{"line":20,"column":0},"end":{"line":25,"column":53}},"11":{"start":{"line":24,"column":13},"end":{"line":24,"column":48}},"12":{"start":{"line":25,"column":15},"end":{"line":25,"column":51}},"13":{"start":{"line":28,"column":0},"end":{"line":28,"column":24}},"14":{"start":{"line":31,"column":0},"end":{"line":31,"column":29}},"15":{"start":{"line":34,"column":0},"end":{"line":38,"column":1}},"16":{"start":{"line":35,"column":2},"end":{"line":35,"column":55}},"17":{"start":{"line":37,"column":2},"end":{"line":37,"column":41}},"18":{"start":{"line":41,"column":0},"end":{"line":41,"column":28}},"19":{"start":{"line":42,"column":0},"end":{"line":42,"column":31}},"20":{"start":{"line":44,"column":0},"end":{"line":61,"column":1}},"21":{"start":{"line":46,"column":2},"end":{"line":52,"column":5}},"22":{"start":{"line":48,"column":4},"end":{"line":50,"column":5}},"23":{"start":{"line":49,"column":6},"end":{"line":49,"column":20}},"24":{"start":{"line":51,"column":4},"end":{"line":51,"column":49}},"25":{"start":{"line":55,"column":2},"end":{"line":60,"column":5}},"26":{"start":{"line":56,"column":4},"end":{"line":56,"column":29}},"27":{"start":{"line":57,"column":4},"end":{"line":59,"column":7}},"28":{"start":{"line":63,"column":0},"end":{"line":63,"column":21}}},"fnMap":{"0":{"name":"(anonymous_0)","decl":{"start":{"line":24,"column":7},"end":{"line":24,"column":8}},"loc":{"start":{"line":24,"column":13},"end":{"line":24,"column":48}},"line":24},"1":{"name":"(anonymous_1)","decl":{"start":{"line":25,"column":8},"end":{"line":25,"column":9}},"loc":{"start":{"line":25,"column":15},"end":{"line":25,"column":51}},"line":25},"2":{"name":"(anonymous_2)","decl":{"start":{"line":46,"column":10},"end":{"line":46,"column":11}},"loc":{"start":{"line":46,"column":30},"end":{"line":52,"column":3}},"line":46},"3":{"name":"(anonymous_3)","decl":{"start":{"line":55,"column":10},"end":{"line":55,"column":11}},"loc":{"start":{"line":55,"column":35},"end":{"line":60,"column":3}},"line":55}},"branchMap":{"0":{"loc":{"start":{"line":15,"column":10},"end":{"line":15,"column":61}},"type":"binary-expr","locations":[{"start":{"line":15,"column":10},"end":{"line":15,"column":34}},{"start":{"line":15,"column":38},"end":{"line":15,"column":61}}],"line":15},"1":{"loc":{"start":{"line":21,"column":2},"end":{"line":23,"column":27}},"type":"cond-expr","locations":[{"start":{"line":22,"column":6},"end":{"line":22,"column":32}},{"start":{"line":23,"column":6},"end":{"line":23,"column":27}}],"line":21},"2":{"loc":{"start":{"line":34,"column":0},"end":{"line":38,"column":1}},"type":"if","locations":[{"start":{"line":34,"column":0},"end":{"line":38,"column":1}},{"start":{"line":36,"column":7},"end":{"line":38,"column":1}}],"line":34},"3":{"loc":{"start":{"line":44,"column":0},"end":{"line":61,"column":1}},"type":"if","locations":[{"start":{"line":44,"column":0},"end":{"line":61,"column":1}},{"start":{},"end":{}}],"line":44},"4":{"loc":{"start":{"line":48,"column":4},"end":{"line":50,"column":5}},"type":"if","locations":[{"start":{"line":48,"column":4},"end":{"line":50,"column":5}},{"start":{},"end":{}}],"line":48},"5":{"loc":{"start":{"line":57,"column":15},"end":{"line":57,"column":32}},"type":"binary-expr","locations":[{"start":{"line":57,"column":15},"end":{"line":57,"column":25}},{"start":{"line":57,"column":29},"end":{"line":57,"column":32}}],"line":57},"6":{"loc":{"start":{"line":58,"column":13},"end":{"line":58,"column":51}},"type":"binary-expr","locations":[{"start":{"line":58,"column":13},"end":{"line":58,"column":24}},{"start":{"line":58,"column":28},"end":{"line":58,"column":51}}],"line":58}},"s":{"0":7,"1":7,"2":7,"3":7,"4":7,"5":7,"6":7,"7":7,"8":7,"9":7,"10":7,"11":7,"12":0,"13":7,"14":7,"15":7,"16":0,"17":7,"18":7,"19":7,"20":7,"21":3,"22":0,"23":0,"24":0,"25":3,"26":0,"27":0,"28":7},"f":{"0":7,"1":0,"2":0,"3":0},"b":{"0":[7,0],"1":[4,3],"2":[0,7],"3":[3,4],"4":[0,0],"5":[0,0],"6":[0,0]},"_coverageSchema":"1a1c01bbd47fc00a2c39e90264f33305004495a9","hash":"86a723c63cebffb8428a7c3abf766ed1ff6f9b84"}
,"/Users/sibi/362/CPSC-362-Activity-1/server/models/Booking.js": {"path":"/Users/sibi/362/CPSC-362-Activity-1/server/models/Booking.js","statementMap":{"0":{"start":{"line":1,"column":17},"end":{"line":1,"column":36}},"1":{"start":{"line":3,"column":22},"end":{"line":16,"column":24}},"2":{"start":{"line":17,"column":0},"end":{"line":17,"column":63}},"3":{"start":{"line":18,"column":0},"end":{"line":18,"column":58}}},"fnMap":{},"branchMap":{},"s":{"0":7,"1":7,"2":7,"3":7},"f":{},"b":{},"_coverageSchema":"1a1c01bbd47fc00a2c39e90264f33305004495a9","hash":"19f0f61fa192759a0293eb4fac7320f35a217c19"}
,"/Users/sibi/362/CPSC-362-Activity-1/server/models/Property.js": {"path":"/Users/sibi/362/CPSC-362-Activity-1/server/models/Property.js","statementMap":{"0":{"start":{"line":1,"column":17},"end":{"line":1,"column":36}},"1":{"start":{"line":4,"column":20},"end":{"line":16,"column":2}},"2":{"start":{"line":19,"column":23},"end":{"line":29,"column":2}},"3":{"start":{"line":27,"column":20},"end":{"line":27,"column":58}},"4":{"start":{"line":32,"column":23},"end":{"line":52,"column":24}},"5":{"start":{"line":55,"column":0},"end":{"line":55,"column":61}},"6":{"start":{"line":57,"column":0},"end":{"line":57,"column":60}}},"fnMap":{"0":{"name":"(anonymous_0)","decl":{"start":{"line":27,"column":13},"end":{"line":27,"column":14}},"loc":{"start":{"line":27,"column":20},"end":{"line":27,"column":58}},"line":27}},"branchMap":{},"s":{"0":8,"1":8,"2":8,"3":10,"4":8,"5":8,"6":8},"f":{"0":10},"b":{},"_coverageSchema":"1a1c01bbd47fc00a2c39e90264f33305004495a9","hash":"aaa608eac2f09f84dcd256031db9edc701985b46"}
,"/Users/sibi/362/CPSC-362-Activity-1/server/models/User.js": {"path":"/Users/sibi/362/CPSC-362-Activity-1/server/models/User.js","statementMap":{"0":{"start":{"line":1,"column":17},"end":{"line":1,"column":36}},"1":{"start":{"line":2,"column":15},"end":{"line":2,"column":32}},"2":{"start":{"line":4,"column":19},"end":{"line":19,"column":24}},"3":{"start":{"line":22,"column":0},"end":{"line":31,"column":3}},"4":{"start":{"line":23,"column":2},"end":{"line":23,"column":50}},"5":{"start":{"line":23,"column":36},"end":{"line":23,"column":50}},"6":{"start":{"line":24,"column":2},"end":{"line":30,"column":3}},"7":{"start":{"line":25,"column":17},"end":{"line":25,"column":41}},"8":{"start":{"line":26,"column":4},"end":{"line":26,"column":59}},"9":{"start":{"line":27,"column":4},"end":{"line":27,"column":11}},"10":{"start":{"line":29,"column":4},"end":{"line":29,"column":16}},"11":{"start":{"line":34,"column":0},"end":{"line":36,"column":2}},"12":{"start":{"line":35,"column":2},"end":{"line":35,"column":58}},"13":{"start":{"line":38,"column":0},"end":{"line":38,"column":52}}},"fnMap":{"0":{"name":"(anonymous_0)","decl":{"start":{"line":22,"column":23},"end":{"line":22,"column":24}},"loc":{"start":{"line":22,"column":44},"end":{"line":31,"column":1}},"line":22},"1":{"name":"(anonymous_1)","decl":{"start":{"line":34,"column":37},"end":{"line":34,"column":38}},"loc":{"start":{"line":34,"column":71},"end":{"line":36,"column":1}},"line":34}},"branchMap":{"0":{"loc":{"start":{"line":23,"column":2},"end":{"line":23,"column":50}},"type":"if","locations":[{"start":{"line":23,"column":2},"end":{"line":23,"column":50}},{"start":{},"end":{}}],"line":23}},"s":{"0":7,"1":7,"2":7,"3":7,"4":12,"5":0,"6":12,"7":12,"8":12,"9":12,"10":0,"11":7,"12":4,"13":7},"f":{"0":12,"1":4},"b":{"0":[0,12]},"_coverageSchema":"1a1c01bbd47fc00a2c39e90264f33305004495a9","hash":"d29f36ed04136c68fab8b4e05d90bdd47c5fef7f"}
,"/Users/sibi/362/CPSC-362-Activity-1/server/routes/auth.js": {"path":"/Users/sibi/362/CPSC-362-Activity-1/server/routes/auth.js","statementMap":{"0":{"start":{"line":1,"column":16},"end":{"line":1,"column":34}},"1":{"start":{"line":2,"column":15},"end":{"line":2,"column":32}},"2":{"start":{"line":3,"column":12},"end":{"line":3,"column":35}},"3":{"start":{"line":4,"column":13},"end":{"line":4,"column":38}},"4":{"start":{"line":5,"column":15},"end":{"line":5,"column":31}},"5":{"start":{"line":8,"column":0},"end":{"line":48,"column":3}},"6":{"start":{"line":9,"column":2},"end":{"line":47,"column":3}},"7":{"start":{"line":10,"column":32},"end":{"line":10,"column":40}},"8":{"start":{"line":13,"column":4},"end":{"line":15,"column":5}},"9":{"start":{"line":14,"column":6},"end":{"line":14,"column":83}},"10":{"start":{"line":19,"column":25},"end":{"line":19,"column":54}},"11":{"start":{"line":20,"column":4},"end":{"line":23,"column":5}},"12":{"start":{"line":22,"column":6},"end":{"line":22,"column":89}},"13":{"start":{"line":26,"column":20},"end":{"line":29,"column":6}},"14":{"start":{"line":32,"column":22},"end":{"line":32,"column":42}},"15":{"start":{"line":35,"column":4},"end":{"line":39,"column":7}},"16":{"start":{"line":42,"column":5},"end":{"line":44,"column":6}},"17":{"start":{"line":43,"column":8},"end":{"line":43,"column":90}},"18":{"start":{"line":45,"column":4},"end":{"line":45,"column":40}},"19":{"start":{"line":46,"column":4},"end":{"line":46,"column":88}},"20":{"start":{"line":51,"column":0},"end":{"line":108,"column":3}},"21":{"start":{"line":52,"column":2},"end":{"line":107,"column":3}},"22":{"start":{"line":53,"column":32},"end":{"line":53,"column":40}},"23":{"start":{"line":56,"column":4},"end":{"line":58,"column":5}},"24":{"start":{"line":57,"column":6},"end":{"line":57,"column":83}},"25":{"start":{"line":61,"column":17},"end":{"line":61,"column":46}},"26":{"start":{"line":62,"column":4},"end":{"line":65,"column":5}},"27":{"start":{"line":64,"column":6},"end":{"line":64,"column":77}},"28":{"start":{"line":69,"column":20},"end":{"line":69,"column":56}},"29":{"start":{"line":72,"column":4},"end":{"line":74,"column":5}},"30":{"start":{"line":73,"column":6},"end":{"line":73,"column":77}},"31":{"start":{"line":77,"column":22},"end":{"line":77,"column":44}},"32":{"start":{"line":78,"column":4},"end":{"line":81,"column":5}},"33":{"start":{"line":79,"column":8},"end":{"line":79,"column":66}},"34":{"start":{"line":80,"column":8},"end":{"line":80,"column":80}},"35":{"start":{"line":84,"column":20},"end":{"line":87,"column":5}},"36":{"start":{"line":90,"column":18},"end":{"line":94,"column":5}},"37":{"start":{"line":97,"column":4},"end":{"line":102,"column":7}},"38":{"start":{"line":105,"column":4},"end":{"line":105,"column":39}},"39":{"start":{"line":106,"column":4},"end":{"line":106,"column":87}},"40":{"start":{"line":112,"column":21},"end":{"line":112,"column":46}},"41":{"start":{"line":113,"column":2},"end":{"line":115,"column":3}},"42":{"start":{"line":114,"column":4},"end":{"line":114,"column":86}},"43":{"start":{"line":116,"column":16},"end":{"line":116,"column":40}},"44":{"start":{"line":117,"column":2},"end":{"line":123,"column":3}},"45":{"start":{"line":118,"column":30},"end":{"line":118,"column":71}},"46":{"start":{"line":119,"column":4},"end":{"line":119,"column":37}},"47":{"start":{"line":120,"column":4},"end":{"line":120,"column":11}},"48":{"start":{"line":122,"column":4},"end":{"line":122,"column":71}},"49":{"start":{"line":126,"column":0},"end":{"line":129,"column":2}}},"fnMap":{"0":{"name":"(anonymous_0)","decl":{"start":{"line":8,"column":23},"end":{"line":8,"column":24}},"loc":{"start":{"line":8,"column":43},"end":{"line":48,"column":1}},"line":8},"1":{"name":"(anonymous_1)","decl":{"start":{"line":51,"column":22},"end":{"line":51,"column":23}},"loc":{"start":{"line":51,"column":42},"end":{"line":108,"column":1}},"line":51},"2":{"name":"authenticate","decl":{"start":{"line":111,"column":9},"end":{"line":111,"column":21}},"loc":{"start":{"line":111,"column":38},"end":{"line":124,"column":1}},"line":111}},"branchMap":{"0":{"loc":{"start":{"line":13,"column":4},"end":{"line":15,"column":5}},"type":"if","locations":[{"start":{"line":13,"column":4},"end":{"line":15,"column":5}},{"start":{},"end":{}}],"line":13},"1":{"loc":{"start":{"line":13,"column":8},"end":{"line":13,"column":27}},"type":"binary-expr","locations":[{"start":{"line":13,"column":8},"end":{"line":13,"column":14}},{"start":{"line":13,"column":18},"end":{"line":13,"column":27}}],"line":13},"2":{"loc":{"start":{"line":20,"column":4},"end":{"line":23,"column":5}},"type":"if","locations":[{"start":{"line":20,"column":4},"end":{"line":23,"column":5}},{"start":{},"end":{}}],"line":20},"3":{"loc":{"start":{"line":42,"column":5},"end":{"line":44,"column":6}},"type":"if","locations":[{"start":{"line":42,"column":5},"end":{"line":44,"column":6}},{"start":{},"end":{}}],"line":42},"4":{"loc":{"start":{"line":56,"column":4},"end":{"line":58,"column":5}},"type":"if","locations":[{"start":{"line":56,"column":4},"end":{"line":58,"column":5}},{"start":{},"end":{}}],"line":56},"5":{"loc":{"start":{"line":56,"column":8},"end":{"line":56,"column":27}},"type":"binary-expr","locations":[{"start":{"line":56,"column":8},"end":{"line":56,"column":14}},{"start":{"line":56,"column":18},"end":{"line":56,"column":27}}],"line":56},"6":{"loc":{"start":{"line":62,"column":4},"end":{"line":65,"column":5}},"type":"if","locations":[{"start":{"line":62,"column":4},"end":{"line":65,"column":5}},{"start":{},"end":{}}],"line":62},"7":{"loc":{"start":{"line":72,"column":4},"end":{"line":74,"column":5}},"type":"if","locations":[{"start":{"line":72,"column":4},"end":{"line":74,"column":5}},{"start":{},"end":{}}],"line":72},"8":{"loc":{"start":{"line":78,"column":4},"end":{"line":81,"column":5}},"type":"if","locations":[{"start":{"line":78,"column":4},"end":{"line":81,"column":5}},{"start":{},"end":{}}],"line":78},"9":{"loc":{"start":{"line":113,"column":2},"end":{"line":115,"column":3}},"type":"if","locations":[{"start":{"line":113,"column":2},"end":{"line":115,"column":3}},{"start":{},"end":{}}],"line":113}},"s":{"0":7,"1":7,"2":7,"3":7,"4":7,"5":7,"6":6,"7":6,"8":6,"9":2,"10":4,"11":4,"12":2,"13":2,"14":2,"15":1,"16":1,"17":1,"18":0,"19":0,"20":7,"21":7,"22":7,"23":7,"24":2,"25":5,"26":5,"27":1,"28":4,"29":4,"30":2,"31":2,"32":2,"33":1,"34":1,"35":1,"36":1,"37":1,"38":0,"39":0,"40":1,"41":1,"42":1,"43":0,"44":0,"45":0,"46":0,"47":0,"48":0,"49":7},"f":{"0":6,"1":7,"2":1},"b":{"0":[2,4],"1":[6,5],"2":[2,2],"3":[1,0],"4":[2,5],"5":[7,6],"6":[1,4],"7":[2,2],"8":[1,1],"9":[1,0]},"_coverageSchema":"1a1c01bbd47fc00a2c39e90264f33305004495a9","hash":"0004473b432e739ece96148c9fcbe415222042c5"}
,"/Users/sibi/362/CPSC-362-Activity-1/server/routes/booking.js": {"path":"/Users/sibi/362/CPSC-362-Activity-1/server/routes/booking.js","statementMap":{"0":{"start":{"line":1,"column":16},"end":{"line":1,"column":34}},"1":{"start":{"line":2,"column":17},"end":{"line":2,"column":36}},"2":{"start":{"line":3,"column":16},"end":{"line":3,"column":44}},"3":{"start":{"line":4,"column":17},"end":{"line":4,"column":46}},"4":{"start":{"line":5,"column":13},"end":{"line":5,"column":38}},"5":{"start":{"line":7,"column":15},"end":{"line":7,"column":31}},"6":{"start":{"line":10,"column":0},"end":{"line":57,"column":3}},"7":{"start":{"line":11,"column":2},"end":{"line":56,"column":3}},"8":{"start":{"line":12,"column":55},"end":{"line":12,"column":63}},"9":{"start":{"line":15,"column":4},"end":{"line":17,"column":5}},"10":{"start":{"line":16,"column":6},"end":{"line":16,"column":84}},"11":{"start":{"line":20,"column":21},"end":{"line":20,"column":56}},"12":{"start":{"line":21,"column":4},"end":{"line":23,"column":5}},"13":{"start":{"line":22,"column":6},"end":{"line":22,"column":70}},"14":{"start":{"line":24,"column":17},"end":{"line":24,"column":44}},"15":{"start":{"line":25,"column":4},"end":{"line":27,"column":5}},"16":{"start":{"line":26,"column":6},"end":{"line":26,"column":66}},"17":{"start":{"line":30,"column":4},"end":{"line":32,"column":5}},"18":{"start":{"line":31,"column":6},"end":{"line":31,"column":80}},"19":{"start":{"line":35,"column":18},"end":{"line":39,"column":6}},"20":{"start":{"line":40,"column":4},"end":{"line":42,"column":5}},"21":{"start":{"line":41,"column":6},"end":{"line":41,"column":82}},"22":{"start":{"line":45,"column":23},"end":{"line":50,"column":6}},"23":{"start":{"line":52,"column":4},"end":{"line":52,"column":28}},"24":{"start":{"line":53,"column":4},"end":{"line":53,"column":37}},"25":{"start":{"line":55,"column":4},"end":{"line":55,"column":49}},"26":{"start":{"line":60,"column":0},"end":{"line":69,"column":3}},"27":{"start":{"line":61,"column":2},"end":{"line":68,"column":3}},"28":{"start":{"line":62,"column":21},"end":{"line":64,"column":23}},"29":{"start":{"line":65,"column":4},"end":{"line":65,"column":23}},"30":{"start":{"line":67,"column":4},"end":{"line":67,"column":49}},"31":{"start":{"line":72,"column":0},"end":{"line":101,"column":3}},"32":{"start":{"line":73,"column":21},"end":{"line":73,"column":34}},"33":{"start":{"line":76,"column":2},"end":{"line":79,"column":3}},"34":{"start":{"line":78,"column":4},"end":{"line":78,"column":76}},"35":{"start":{"line":81,"column":2},"end":{"line":100,"column":3}},"36":{"start":{"line":83,"column":21},"end":{"line":83,"column":56}},"37":{"start":{"line":84,"column":4},"end":{"line":87,"column":5}},"38":{"start":{"line":86,"column":6},"end":{"line":86,"column":70}},"39":{"start":{"line":90,"column":21},"end":{"line":91,"column":23}},"40":{"start":{"line":94,"column":4},"end":{"line":94,"column":35}},"41":{"start":{"line":98,"column":4},"end":{"line":98,"column":76}},"42":{"start":{"line":99,"column":4},"end":{"line":99,"column":86}},"43":{"start":{"line":104,"column":0},"end":{"line":104,"column":24}}},"fnMap":{"0":{"name":"(anonymous_0)","decl":{"start":{"line":10,"column":25},"end":{"line":10,"column":26}},"loc":{"start":{"line":10,"column":45},"end":{"line":57,"column":1}},"line":10},"1":{"name":"(anonymous_1)","decl":{"start":{"line":60,"column":24},"end":{"line":60,"column":25}},"loc":{"start":{"line":60,"column":44},"end":{"line":69,"column":1}},"line":60},"2":{"name":"(anonymous_2)","decl":{"start":{"line":72,"column":39},"end":{"line":72,"column":40}},"loc":{"start":{"line":72,"column":59},"end":{"line":101,"column":1}},"line":72}},"branchMap":{"0":{"loc":{"start":{"line":15,"column":4},"end":{"line":17,"column":5}},"type":"if","locations":[{"start":{"line":15,"column":4},"end":{"line":17,"column":5}},{"start":{},"end":{}}],"line":15},"1":{"loc":{"start":{"line":15,"column":8},"end":{"line":15,"column":56}},"type":"binary-expr","locations":[{"start":{"line":15,"column":8},"end":{"line":15,"column":19}},{"start":{"line":15,"column":23},"end":{"line":15,"column":30}},{"start":{"line":15,"column":34},"end":{"line":15,"column":44}},{"start":{"line":15,"column":48},"end":{"line":15,"column":56}}],"line":15},"2":{"loc":{"start":{"line":21,"column":4},"end":{"line":23,"column":5}},"type":"if","locations":[{"start":{"line":21,"column":4},"end":{"line":23,"column":5}},{"start":{},"end":{}}],"line":21},"3":{"loc":{"start":{"line":25,"column":4},"end":{"line":27,"column":5}},"type":"if","locations":[{"start":{"line":25,"column":4},"end":{"line":27,"column":5}},{"start":{},"end":{}}],"line":25},"4":{"loc":{"start":{"line":30,"column":4},"end":{"line":32,"column":5}},"type":"if","locations":[{"start":{"line":30,"column":4},"end":{"line":32,"column":5}},{"start":{},"end":{}}],"line":30},"5":{"loc":{"start":{"line":40,"column":4},"end":{"line":42,"column":5}},"type":"if","locations":[{"start":{"line":40,"column":4},"end":{"line":42,"column":5}},{"start":{},"end":{}}],"line":40},"6":{"loc":{"start":{"line":76,"column":2},"end":{"line":79,"column":3}},"type":"if","locations":[{"start":{"line":76,"column":2},"end":{"line":79,"column":3}},{"start":{},"end":{}}],"line":76},"7":{"loc":{"start":{"line":84,"column":4},"end":{"line":87,"column":5}},"type":"if","locations":[{"start":{"line":84,"column":4},"end":{"line":87,"column":5}},{"start":{},"end":{}}],"line":84}},"s":{"0":7,"1":7,"2":7,"3":7,"4":7,"5":7,"6":7,"7":9,"8":9,"9":9,"10":1,"11":8,"12":8,"13":1,"14":7,"15":7,"16":1,"17":6,"18":1,"19":5,"20":5,"21":1,"22":4,"23":4,"24":4,"25":0,"26":7,"27":1,"28":1,"29":1,"30":0,"31":7,"32":4,"33":4,"34":1,"35":3,"36":3,"37":3,"38":1,"39":2,"40":2,"41":0,"42":0,"43":7},"f":{"0":9,"1":1,"2":4},"b":{"0":[1,8],"1":[9,8,8,8],"2":[1,7],"3":[1,6],"4":[1,5],"5":[1,4],"6":[1,3],"7":[1,2]},"_coverageSchema":"1a1c01bbd47fc00a2c39e90264f33305004495a9","hash":"a18b38dcb2c545ced8c787c93c468660c38722e3"}
,"/Users/sibi/362/CPSC-362-Activity-1/server/routes/imageUpload.js": {"path":"/Users/sibi/362/CPSC-362-Activity-1/server/routes/imageUpload.js","statementMap":{"0":{"start":{"line":1,"column":16},"end":{"line":1,"column":34}},"1":{"start":{"line":2,"column":21},"end":{"line":2,"column":50}},"2":{"start":{"line":3,"column":15},"end":{"line":3,"column":32}},"3":{"start":{"line":4,"column":17},"end":{"line":4,"column":40}},"4":{"start":{"line":5,"column":17},"end":{"line":5,"column":36}},"5":{"start":{"line":6,"column":17},"end":{"line":6,"column":46}},"6":{"start":{"line":7,"column":0},"end":{"line":7,"column":27}},"7":{"start":{"line":9,"column":15},"end":{"line":9,"column":31}},"8":{"start":{"line":12,"column":11},"end":{"line":18,"column":2}},"9":{"start":{"line":21,"column":15},"end":{"line":40,"column":2}},"10":{"start":{"line":26,"column":6},"end":{"line":26,"column":46}},"11":{"start":{"line":29,"column":23},"end":{"line":29,"column":59}},"12":{"start":{"line":30,"column":6},"end":{"line":30,"column":25}},"13":{"start":{"line":34,"column":4},"end":{"line":38,"column":5}},"14":{"start":{"line":35,"column":6},"end":{"line":35,"column":21}},"15":{"start":{"line":37,"column":6},"end":{"line":37,"column":60}},"16":{"start":{"line":43,"column":0},"end":{"line":45,"column":1}},"17":{"start":{"line":44,"column":2},"end":{"line":44,"column":67}},"18":{"start":{"line":44,"column":42},"end":{"line":44,"column":66}},"19":{"start":{"line":47,"column":0},"end":{"line":90,"column":2}},"20":{"start":{"line":51,"column":23},"end":{"line":51,"column":44}},"21":{"start":{"line":52,"column":4},"end":{"line":54,"column":5}},"22":{"start":{"line":53,"column":6},"end":{"line":53,"column":75}},"23":{"start":{"line":57,"column":4},"end":{"line":63,"column":5}},"24":{"start":{"line":58,"column":6},"end":{"line":62,"column":7}},"25":{"start":{"line":59,"column":8},"end":{"line":59,"column":31}},"26":{"start":{"line":61,"column":8},"end":{"line":61,"column":89}},"27":{"start":{"line":65,"column":4},"end":{"line":88,"column":5}},"28":{"start":{"line":66,"column":24},"end":{"line":66,"column":54}},"29":{"start":{"line":66,"column":43},"end":{"line":66,"column":53}},"30":{"start":{"line":68,"column":24},"end":{"line":68,"column":84}},"31":{"start":{"line":70,"column":30},"end":{"line":74,"column":7}},"32":{"start":{"line":76,"column":6},"end":{"line":78,"column":7}},"33":{"start":{"line":77,"column":8},"end":{"line":77,"column":70}},"34":{"start":{"line":81,"column":6},"end":{"line":84,"column":9}},"35":{"start":{"line":86,"column":6},"end":{"line":86,"column":65}},"36":{"start":{"line":87,"column":6},"end":{"line":87,"column":51}},"37":{"start":{"line":92,"column":0},"end":{"line":92,"column":24}}},"fnMap":{"0":{"name":"(anonymous_0)","decl":{"start":{"line":25,"column":14},"end":{"line":25,"column":15}},"loc":{"start":{"line":25,"column":33},"end":{"line":27,"column":5}},"line":25},"1":{"name":"(anonymous_1)","decl":{"start":{"line":28,"column":9},"end":{"line":28,"column":10}},"loc":{"start":{"line":28,"column":28},"end":{"line":31,"column":5}},"line":28},"2":{"name":"(anonymous_2)","decl":{"start":{"line":33,"column":14},"end":{"line":33,"column":15}},"loc":{"start":{"line":33,"column":33},"end":{"line":39,"column":3}},"line":33},"3":{"name":"(anonymous_3)","decl":{"start":{"line":44,"column":17},"end":{"line":44,"column":18}},"loc":{"start":{"line":44,"column":42},"end":{"line":44,"column":66}},"line":44},"4":{"name":"(anonymous_4)","decl":{"start":{"line":50,"column":2},"end":{"line":50,"column":3}},"loc":{"start":{"line":50,"column":22},"end":{"line":89,"column":3}},"line":50},"5":{"name":"(anonymous_5)","decl":{"start":{"line":66,"column":38},"end":{"line":66,"column":39}},"loc":{"start":{"line":66,"column":43},"end":{"line":66,"column":53}},"line":66}},"branchMap":{"0":{"loc":{"start":{"line":34,"column":4},"end":{"line":38,"column":5}},"type":"if","locations":[{"start":{"line":34,"column":4},"end":{"line":38,"column":5}},{"start":{"line":36,"column":11},"end":{"line":38,"column":5}}],"line":34},"1":{"loc":{"start":{"line":43,"column":0},"end":{"line":45,"column":1}},"type":"if","locations":[{"start":{"line":43,"column":0},"end":{"line":45,"column":1}},{"start":{},"end":{}}],"line":43},"2":{"loc":{"start":{"line":52,"column":4},"end":{"line":54,"column":5}},"type":"if","locations":[{"start":{"line":52,"column":4},"end":{"line":54,"column":5}},{"start":{},"end":{}}],"line":52},"3":{"loc":{"start":{"line":57,"column":4},"end":{"line":63,"column":5}},"type":"if","locations":[{"start":{"line":57,"column":4},"end":{"line":63,"column":5}},{"start":{},"end":{}}],"line":57},"4":{"loc":{"start":{"line":57,"column":8},"end":{"line":57,"column":44}},"type":"binary-expr","locations":[{"start":{"line":57,"column":8},"end":{"line":57,"column":18}},{"start":{"line":57,"column":22},"end":{"line":57,"column":44}}],"line":57},"5":{"loc":{"start":{"line":58,"column":6},"end":{"line":62,"column":7}},"type":"if","locations":[{"start":{"line":58,"column":6},"end":{"line":62,"column":7}},{"start":{"line":60,"column":13},"end":{"line":62,"column":7}}],"line":58},"6":{"loc":{"start":{"line":58,"column":10},"end":{"line":58,"column":39}},"type":"binary-expr","locations":[{"start":{"line":58,"column":10},"end":{"line":58,"column":18}},{"start":{"line":58,"column":22},"end":{"line":58,"column":39}}],"line":58},"7":{"loc":{"start":{"line":68,"column":24},"end":{"line":68,"column":84}},"type":"cond-expr","locations":[{"start":{"line":68,"column":49},"end":{"line":68,"column":61}},{"start":{"line":68,"column":64},"end":{"line":68,"column":84}}],"line":68},"8":{"loc":{"start":{"line":76,"column":6},"end":{"line":78,"column":7}},"type":"if","locations":[{"start":{"line":76,"column":6},"end":{"line":78,"column":7}},{"start":{},"end":{}}],"line":76}},"s":{"0":8,"1":8,"2":8,"3":8,"4":8,"5":8,"6":8,"7":8,"8":8,"9":8,"10":0,"11":0,"12":0,"13":0,"14":0,"15":0,"16":8,"17":1,"18":1,"19":8,"20":5,"21":5,"22":1,"23":4,"24":4,"25":3,"26":1,"27":3,"28":3,"29":3,"30":3,"31":3,"32":2,"33":1,"34":1,"35":1,"36":1,"37":8},"f":{"0":0,"1":0,"2":0,"3":1,"4":5,"5":3},"b":{"0":[0,0],"1":[1,7],"2":[1,4],"3":[4,0],"4":[4,0],"5":[3,1],"6":[4,3],"7":[3,0],"8":[1,1]},"_coverageSchema":"1a1c01bbd47fc00a2c39e90264f33305004495a9","hash":"24554f7038ddf3e0eccbbb8362ba3be5357d0a86"}
,"/Users/sibi/362/CPSC-362-Activity-1/server/routes/property.js": {"path":"/Users/sibi/362/CPSC-362-Activity-1/server/routes/property.js","statementMap":{"0":{"start":{"line":1,"column":16},"end":{"line":1,"column":34}},"1":{"start":{"line":2,"column":17},"end":{"line":2,"column":36}},"2":{"start":{"line":3,"column":17},"end":{"line":3,"column":46}},"3":{"start":{"line":4,"column":16},"end":{"line":4,"column":44}},"4":{"start":{"line":6,"column":15},"end":{"line":6,"column":31}},"5":{"start":{"line":10,"column":2},"end":{"line":13,"column":3}},"6":{"start":{"line":11,"column":4},"end":{"line":11,"column":72}},"7":{"start":{"line":12,"column":4},"end":{"line":12,"column":41}},"8":{"start":{"line":15,"column":49},"end":{"line":15,"column":61}},"9":{"start":{"line":16,"column":22},"end":{"line":17,"column":33}},"10":{"start":{"line":18,"column":2},"end":{"line":21,"column":3}},"11":{"start":{"line":19,"column":4},"end":{"line":19,"column":78}},"12":{"start":{"line":20,"column":4},"end":{"line":20,"column":16}},"13":{"start":{"line":23,"column":14},"end":{"line":24,"column":53}},"14":{"start":{"line":26,"column":2},"end":{"line":26,"column":49}},"15":{"start":{"line":27,"column":2},"end":{"line":27,"column":40}},"16":{"start":{"line":29,"column":2},"end":{"line":53,"column":3}},"17":{"start":{"line":30,"column":16},"end":{"line":35,"column":6}},"18":{"start":{"line":36,"column":4},"end":{"line":36,"column":87}},"19":{"start":{"line":36,"column":17},"end":{"line":36,"column":87}},"20":{"start":{"line":37,"column":17},"end":{"line":37,"column":33}},"21":{"start":{"line":38,"column":4},"end":{"line":41,"column":5}},"22":{"start":{"line":39,"column":6},"end":{"line":39,"column":70}},"23":{"start":{"line":40,"column":6},"end":{"line":40,"column":18}},"24":{"start":{"line":42,"column":25},"end":{"line":42,"column":32}},"25":{"start":{"line":43,"column":22},"end":{"line":43,"column":37}},"26":{"start":{"line":43,"column":50},"end":{"line":43,"column":65}},"27":{"start":{"line":44,"column":4},"end":{"line":47,"column":5}},"28":{"start":{"line":45,"column":6},"end":{"line":45,"column":94}},"29":{"start":{"line":46,"column":6},"end":{"line":46,"column":18}},"30":{"start":{"line":48,"column":4},"end":{"line":48,"column":69}},"31":{"start":{"line":49,"column":4},"end":{"line":49,"column":35}},"32":{"start":{"line":51,"column":4},"end":{"line":51,"column":51}},"33":{"start":{"line":52,"column":4},"end":{"line":52,"column":16}},"34":{"start":{"line":57,"column":0},"end":{"line":87,"column":3}},"35":{"start":{"line":58,"column":2},"end":{"line":58,"column":50}},"36":{"start":{"line":58,"column":20},"end":{"line":58,"column":50}},"37":{"start":{"line":59,"column":2},"end":{"line":61,"column":3}},"38":{"start":{"line":60,"column":4},"end":{"line":60,"column":73}},"39":{"start":{"line":62,"column":2},"end":{"line":86,"column":3}},"40":{"start":{"line":63,"column":19},"end":{"line":63,"column":68}},"41":{"start":{"line":64,"column":4},"end":{"line":76,"column":5}},"42":{"start":{"line":65,"column":6},"end":{"line":68,"column":8}},"43":{"start":{"line":69,"column":11},"end":{"line":76,"column":5}},"44":{"start":{"line":70,"column":6},"end":{"line":70,"column":77}},"45":{"start":{"line":72,"column":6},"end":{"line":72,"column":93}},"46":{"start":{"line":73,"column":6},"end":{"line":75,"column":9}},"47":{"start":{"line":77,"column":14},"end":{"line":77,"column":36}},"48":{"start":{"line":78,"column":4},"end":{"line":78,"column":19}},"49":{"start":{"line":79,"column":4},"end":{"line":79,"column":28}},"50":{"start":{"line":81,"column":4},"end":{"line":83,"column":5}},"51":{"start":{"line":82,"column":6},"end":{"line":82,"column":87}},"52":{"start":{"line":84,"column":4},"end":{"line":84,"column":51}},"53":{"start":{"line":85,"column":4},"end":{"line":85,"column":87}},"54":{"start":{"line":90,"column":0},"end":{"line":136,"column":3}},"55":{"start":{"line":91,"column":2},"end":{"line":135,"column":3}},"56":{"start":{"line":92,"column":97},"end":{"line":92,"column":106}},"57":{"start":{"line":93,"column":18},"end":{"line":93,"column":20}},"58":{"start":{"line":96,"column":4},"end":{"line":104,"column":5}},"59":{"start":{"line":97,"column":18},"end":{"line":97,"column":35}},"60":{"start":{"line":97,"column":44},"end":{"line":97,"column":62}},"61":{"start":{"line":98,"column":6},"end":{"line":100,"column":7}},"62":{"start":{"line":99,"column":8},"end":{"line":99,"column":96}},"63":{"start":{"line":101,"column":21},"end":{"line":101,"column":109}},"64":{"start":{"line":102,"column":18},"end":{"line":102,"column":68}},"65":{"start":{"line":102,"column":44},"end":{"line":102,"column":65}},"66":{"start":{"line":103,"column":6},"end":{"line":103,"column":32}},"67":{"start":{"line":107,"column":4},"end":{"line":115,"column":5}},"68":{"start":{"line":108,"column":18},"end":{"line":108,"column":38}},"69":{"start":{"line":108,"column":46},"end":{"line":108,"column":67}},"70":{"start":{"line":109,"column":20},"end":{"line":109,"column":52}},"71":{"start":{"line":110,"column":6},"end":{"line":114,"column":7}},"72":{"start":{"line":111,"column":8},"end":{"line":113,"column":10}},"73":{"start":{"line":118,"column":18},"end":{"line":118,"column":20}},"74":{"start":{"line":119,"column":4},"end":{"line":119,"column":72}},"75":{"start":{"line":119,"column":38},"end":{"line":119,"column":72}},"76":{"start":{"line":120,"column":4},"end":{"line":122,"column":5}},"77":{"start":{"line":121,"column":6},"end":{"line":121,"column":40}},"78":{"start":{"line":123,"column":4},"end":{"line":123,"column":55}},"79":{"start":{"line":123,"column":35},"end":{"line":123,"column":55}},"80":{"start":{"line":126,"column":4},"end":{"line":128,"column":5}},"81":{"start":{"line":127,"column":6},"end":{"line":127,"column":40}},"82":{"start":{"line":130,"column":18},"end":{"line":130,"column":44}},"83":{"start":{"line":131,"column":4},"end":{"line":131,"column":20}},"84":{"start":{"line":133,"column":4},"end":{"line":133,"column":54}},"85":{"start":{"line":134,"column":4},"end":{"line":134,"column":89}},"86":{"start":{"line":139,"column":0},"end":{"line":151,"column":3}},"87":{"start":{"line":140,"column":2},"end":{"line":142,"column":3}},"88":{"start":{"line":141,"column":4},"end":{"line":141,"column":73}},"89":{"start":{"line":143,"column":2},"end":{"line":150,"column":3}},"90":{"start":{"line":144,"column":14},"end":{"line":144,"column":52}},"91":{"start":{"line":145,"column":4},"end":{"line":145,"column":73}},"92":{"start":{"line":145,"column":12},"end":{"line":145,"column":73}},"93":{"start":{"line":146,"column":4},"end":{"line":146,"column":16}},"94":{"start":{"line":148,"column":4},"end":{"line":148,"column":51}},"95":{"start":{"line":149,"column":4},"end":{"line":149,"column":86}},"96":{"start":{"line":154,"column":0},"end":{"line":206,"column":3}},"97":{"start":{"line":155,"column":2},"end":{"line":157,"column":3}},"98":{"start":{"line":156,"column":4},"end":{"line":156,"column":73}},"99":{"start":{"line":158,"column":2},"end":{"line":205,"column":3}},"100":{"start":{"line":159,"column":21},"end":{"line":159,"column":59}},"101":{"start":{"line":160,"column":4},"end":{"line":160,"column":80}},"102":{"start":{"line":160,"column":19},"end":{"line":160,"column":80}},"103":{"start":{"line":162,"column":19},"end":{"line":162,"column":24}},"104":{"start":{"line":163,"column":4},"end":{"line":169,"column":5}},"105":{"start":{"line":164,"column":6},"end":{"line":168,"column":9}},"106":{"start":{"line":165,"column":8},"end":{"line":167,"column":9}},"107":{"start":{"line":166,"column":10},"end":{"line":166,"column":26}},"108":{"start":{"line":170,"column":4},"end":{"line":190,"column":5}},"109":{"start":{"line":171,"column":6},"end":{"line":171,"column":79}},"110":{"start":{"line":172,"column":22},"end":{"line":174,"column":8}},"111":{"start":{"line":175,"column":6},"end":{"line":189,"column":7}},"112":{"start":{"line":176,"column":8},"end":{"line":176,"column":50}},"113":{"start":{"line":177,"column":8},"end":{"line":180,"column":10}},"114":{"start":{"line":181,"column":13},"end":{"line":189,"column":7}},"115":{"start":{"line":182,"column":8},"end":{"line":182,"column":92}},"116":{"start":{"line":183,"column":8},"end":{"line":185,"column":11}},"117":{"start":{"line":187,"column":8},"end":{"line":187,"column":50}},"118":{"start":{"line":188,"column":8},"end":{"line":188,"column":76}},"119":{"start":{"line":192,"column":4},"end":{"line":192,"column":52}},"120":{"start":{"line":192,"column":22},"end":{"line":192,"column":52}},"121":{"start":{"line":193,"column":20},"end":{"line":196,"column":5}},"122":{"start":{"line":197,"column":4},"end":{"line":197,"column":93}},"123":{"start":{"line":197,"column":18},"end":{"line":197,"column":93}},"124":{"start":{"line":198,"column":4},"end":{"line":198,"column":22}},"125":{"start":{"line":200,"column":4},"end":{"line":202,"column":5}},"126":{"start":{"line":201,"column":6},"end":{"line":201,"column":85}},"127":{"start":{"line":203,"column":4},"end":{"line":203,"column":68}},"128":{"start":{"line":204,"column":4},"end":{"line":204,"column":85}},"129":{"start":{"line":209,"column":0},"end":{"line":221,"column":3}},"130":{"start":{"line":210,"column":2},"end":{"line":212,"column":3}},"131":{"start":{"line":211,"column":4},"end":{"line":211,"column":72}},"132":{"start":{"line":213,"column":2},"end":{"line":220,"column":3}},"133":{"start":{"line":214,"column":20},"end":{"line":214,"column":67}},"134":{"start":{"line":215,"column":4},"end":{"line":215,"column":78}},"135":{"start":{"line":215,"column":18},"end":{"line":215,"column":78}},"136":{"start":{"line":216,"column":4},"end":{"line":216,"column":27}},"137":{"start":{"line":218,"column":4},"end":{"line":218,"column":51}},"138":{"start":{"line":219,"column":4},"end":{"line":219,"column":85}},"139":{"start":{"line":223,"column":0},"end":{"line":223,"column":24}}},"fnMap":{"0":{"name":"getCoordinatesForAddress","decl":{"start":{"line":9,"column":15},"end":{"line":9,"column":39}},"loc":{"start":{"line":9,"column":54},"end":{"line":54,"column":1}},"line":9},"1":{"name":"(anonymous_1)","decl":{"start":{"line":57,"column":17},"end":{"line":57,"column":18}},"loc":{"start":{"line":57,"column":37},"end":{"line":87,"column":1}},"line":57},"2":{"name":"(anonymous_2)","decl":{"start":{"line":90,"column":16},"end":{"line":90,"column":17}},"loc":{"start":{"line":90,"column":36},"end":{"line":136,"column":1}},"line":90},"3":{"name":"(anonymous_3)","decl":{"start":{"line":102,"column":41},"end":{"line":102,"column":42}},"loc":{"start":{"line":102,"column":44},"end":{"line":102,"column":65}},"line":102},"4":{"name":"(anonymous_4)","decl":{"start":{"line":139,"column":19},"end":{"line":139,"column":20}},"loc":{"start":{"line":139,"column":39},"end":{"line":151,"column":1}},"line":139},"5":{"name":"(anonymous_5)","decl":{"start":{"line":154,"column":19},"end":{"line":154,"column":20}},"loc":{"start":{"line":154,"column":39},"end":{"line":206,"column":1}},"line":154},"6":{"name":"(anonymous_6)","decl":{"start":{"line":164,"column":57},"end":{"line":164,"column":58}},"loc":{"start":{"line":164,"column":64},"end":{"line":168,"column":7}},"line":164},"7":{"name":"(anonymous_7)","decl":{"start":{"line":209,"column":22},"end":{"line":209,"column":23}},"loc":{"start":{"line":209,"column":42},"end":{"line":221,"column":1}},"line":209}},"branchMap":{"0":{"loc":{"start":{"line":10,"column":2},"end":{"line":13,"column":3}},"type":"if","locations":[{"start":{"line":10,"column":2},"end":{"line":13,"column":3}},{"start":{},"end":{}}],"line":10},"1":{"loc":{"start":{"line":16,"column":25},"end":{"line":16,"column":36}},"type":"binary-expr","locations":[{"start":{"line":16,"column":25},"end":{"line":16,"column":32}},{"start":{"line":16,"column":34},"end":{"line":16,"column":36}}],"line":16},"2":{"loc":{"start":{"line":16,"column":41},"end":{"line":16,"column":49}},"type":"binary-expr","locations":[{"start":{"line":16,"column":41},"end":{"line":16,"column":45}},{"start":{"line":16,"column":47},"end":{"line":16,"column":49}}],"line":16},"3":{"loc":{"start":{"line":16,"column":54},"end":{"line":16,"column":63}},"type":"binary-expr","locations":[{"start":{"line":16,"column":54},"end":{"line":16,"column":59}},{"start":{"line":16,"column":61},"end":{"line":16,"column":63}}],"line":16},"4":{"loc":{"start":{"line":16,"column":67},"end":{"line":16,"column":74}},"type":"binary-expr","locations":[{"start":{"line":16,"column":67},"end":{"line":16,"column":70}},{"start":{"line":16,"column":72},"end":{"line":16,"column":74}}],"line":16},"5":{"loc":{"start":{"line":16,"column":79},"end":{"line":16,"column":90}},"type":"binary-expr","locations":[{"start":{"line":16,"column":79},"end":{"line":16,"column":86}},{"start":{"line":16,"column":88},"end":{"line":16,"column":90}}],"line":16},"6":{"loc":{"start":{"line":18,"column":2},"end":{"line":21,"column":3}},"type":"if","locations":[{"start":{"line":18,"column":2},"end":{"line":21,"column":3}},{"start":{},"end":{}}],"line":18},"7":{"loc":{"start":{"line":18,"column":6},"end":{"line":18,"column":41}},"type":"binary-expr","locations":[{"start":{"line":18,"column":6},"end":{"line":18,"column":18}},{"start":{"line":18,"column":22},"end":{"line":18,"column":41}}],"line":18},"8":{"loc":{"start":{"line":36,"column":4},"end":{"line":36,"column":87}},"type":"if","locations":[{"start":{"line":36,"column":4},"end":{"line":36,"column":87}},{"start":{},"end":{}}],"line":36},"9":{"loc":{"start":{"line":38,"column":4},"end":{"line":41,"column":5}},"type":"if","locations":[{"start":{"line":38,"column":4},"end":{"line":41,"column":5}},{"start":{},"end":{}}],"line":38},"10":{"loc":{"start":{"line":44,"column":4},"end":{"line":47,"column":5}},"type":"if","locations":[{"start":{"line":44,"column":4},"end":{"line":47,"column":5}},{"start":{},"end":{}}],"line":44},"11":{"loc":{"start":{"line":44,"column":8},"end":{"line":44,"column":43}},"type":"binary-expr","locations":[{"start":{"line":44,"column":8},"end":{"line":44,"column":24}},{"start":{"line":44,"column":28},"end":{"line":44,"column":43}}],"line":44},"12":{"loc":{"start":{"line":58,"column":2},"end":{"line":58,"column":50}},"type":"if","locations":[{"start":{"line":58,"column":2},"end":{"line":58,"column":50}},{"start":{},"end":{}}],"line":58},"13":{"loc":{"start":{"line":59,"column":2},"end":{"line":61,"column":3}},"type":"if","locations":[{"start":{"line":59,"column":2},"end":{"line":61,"column":3}},{"start":{},"end":{}}],"line":59},"14":{"loc":{"start":{"line":64,"column":4},"end":{"line":76,"column":5}},"type":"if","locations":[{"start":{"line":64,"column":4},"end":{"line":76,"column":5}},{"start":{"line":69,"column":11},"end":{"line":76,"column":5}}],"line":64},"15":{"loc":{"start":{"line":69,"column":11},"end":{"line":76,"column":5}},"type":"if","locations":[{"start":{"line":69,"column":11},"end":{"line":76,"column":5}},{"start":{"line":71,"column":11},"end":{"line":76,"column":5}}],"line":69},"16":{"loc":{"start":{"line":81,"column":4},"end":{"line":83,"column":5}},"type":"if","locations":[{"start":{"line":81,"column":4},"end":{"line":83,"column":5}},{"start":{},"end":{}}],"line":81},"17":{"loc":{"start":{"line":96,"column":4},"end":{"line":104,"column":5}},"type":"if","locations":[{"start":{"line":96,"column":4},"end":{"line":104,"column":5}},{"start":{},"end":{}}],"line":96},"18":{"loc":{"start":{"line":96,"column":8},"end":{"line":96,"column":27}},"type":"binary-expr","locations":[{"start":{"line":96,"column":8},"end":{"line":96,"column":15}},{"start":{"line":96,"column":19},"end":{"line":96,"column":27}}],"line":96},"19":{"loc":{"start":{"line":98,"column":6},"end":{"line":100,"column":7}},"type":"if","locations":[{"start":{"line":98,"column":6},"end":{"line":100,"column":7}},{"start":{},"end":{}}],"line":98},"20":{"loc":{"start":{"line":98,"column":10},"end":{"line":98,"column":44}},"type":"binary-expr","locations":[{"start":{"line":98,"column":10},"end":{"line":98,"column":20}},{"start":{"line":98,"column":22},"end":{"line":98,"column":33}},{"start":{"line":98,"column":35},"end":{"line":98,"column":44}}],"line":98},"21":{"loc":{"start":{"line":107,"column":4},"end":{"line":115,"column":5}},"type":"if","locations":[{"start":{"line":107,"column":4},"end":{"line":115,"column":5}},{"start":{},"end":{}}],"line":107},"22":{"loc":{"start":{"line":107,"column":8},"end":{"line":107,"column":29}},"type":"binary-expr","locations":[{"start":{"line":107,"column":8},"end":{"line":107,"column":16}},{"start":{"line":107,"column":20},"end":{"line":107,"column":29}}],"line":107},"23":{"loc":{"start":{"line":109,"column":31},"end":{"line":109,"column":43}},"type":"binary-expr","locations":[{"start":{"line":109,"column":31},"end":{"line":109,"column":37}},{"start":{"line":109,"column":39},"end":{"line":109,"column":43}}],"line":109},"24":{"loc":{"start":{"line":110,"column":6},"end":{"line":114,"column":7}},"type":"if","locations":[{"start":{"line":110,"column":6},"end":{"line":114,"column":7}},{"start":{},"end":{}}],"line":110},"25":{"loc":{"start":{"line":110,"column":10},"end":{"line":110,"column":43}},"type":"binary-expr","locations":[{"start":{"line":110,"column":10},"end":{"line":110,"column":21}},{"start":{"line":110,"column":23},"end":{"line":110,"column":34}},{"start":{"line":110,"column":36},"end":{"line":110,"column":43}}],"line":110},"26":{"loc":{"start":{"line":119,"column":4},"end":{"line":119,"column":72}},"type":"if","locations":[{"start":{"line":119,"column":4},"end":{"line":119,"column":72}},{"start":{},"end":{}}],"line":119},"27":{"loc":{"start":{"line":120,"column":4},"end":{"line":122,"column":5}},"type":"if","locations":[{"start":{"line":120,"column":4},"end":{"line":122,"column":5}},{"start":{},"end":{}}],"line":120},"28":{"loc":{"start":{"line":120,"column":8},"end":{"line":120,"column":98}},"type":"binary-expr","locations":[{"start":{"line":120,"column":8},"end":{"line":120,"column":36}},{"start":{"line":120,"column":41},"end":{"line":120,"column":63}},{"start":{"line":120,"column":65},"end":{"line":120,"column":97}}],"line":120},"29":{"loc":{"start":{"line":123,"column":4},"end":{"line":123,"column":55}},"type":"if","locations":[{"start":{"line":123,"column":4},"end":{"line":123,"column":55}},{"start":{},"end":{}}],"line":123},"30":{"loc":{"start":{"line":126,"column":4},"end":{"line":128,"column":5}},"type":"if","locations":[{"start":{"line":126,"column":4},"end":{"line":128,"column":5}},{"start":{},"end":{}}],"line":126},"31":{"loc":{"start":{"line":126,"column":8},"end":{"line":126,"column":44}},"type":"binary-expr","locations":[{"start":{"line":126,"column":8},"end":{"line":126,"column":20}},{"start":{"line":126,"column":24},"end":{"line":126,"column":44}}],"line":126},"32":{"loc":{"start":{"line":140,"column":2},"end":{"line":142,"column":3}},"type":"if","locations":[{"start":{"line":140,"column":2},"end":{"line":142,"column":3}},{"start":{},"end":{}}],"line":140},"33":{"loc":{"start":{"line":145,"column":4},"end":{"line":145,"column":73}},"type":"if","locations":[{"start":{"line":145,"column":4},"end":{"line":145,"column":73}},{"start":{},"end":{}}],"line":145},"34":{"loc":{"start":{"line":155,"column":2},"end":{"line":157,"column":3}},"type":"if","locations":[{"start":{"line":155,"column":2},"end":{"line":157,"column":3}},{"start":{},"end":{}}],"line":155},"35":{"loc":{"start":{"line":160,"column":4},"end":{"line":160,"column":80}},"type":"if","locations":[{"start":{"line":160,"column":4},"end":{"line":160,"column":80}},{"start":{},"end":{}}],"line":160},"36":{"loc":{"start":{"line":163,"column":4},"end":{"line":169,"column":5}},"type":"if","locations":[{"start":{"line":163,"column":4},"end":{"line":169,"column":5}},{"start":{},"end":{}}],"line":163},"37":{"loc":{"start":{"line":165,"column":8},"end":{"line":167,"column":9}},"type":"if","locations":[{"start":{"line":165,"column":8},"end":{"line":167,"column":9}},{"start":{},"end":{}}],"line":165},"38":{"loc":{"start":{"line":165,"column":12},"end":{"line":165,"column":87}},"type":"binary-expr","locations":[{"start":{"line":165,"column":12},"end":{"line":165,"column":34}},{"start":{"line":165,"column":38},"end":{"line":165,"column":87}}],"line":165},"39":{"loc":{"start":{"line":170,"column":4},"end":{"line":190,"column":5}},"type":"if","locations":[{"start":{"line":170,"column":4},"end":{"line":190,"column":5}},{"start":{},"end":{}}],"line":170},"40":{"loc":{"start":{"line":175,"column":6},"end":{"line":189,"column":7}},"type":"if","locations":[{"start":{"line":175,"column":6},"end":{"line":189,"column":7}},{"start":{"line":181,"column":13},"end":{"line":189,"column":7}}],"line":175},"41":{"loc":{"start":{"line":176,"column":28},"end":{"line":176,"column":49}},"type":"binary-expr","locations":[{"start":{"line":176,"column":28},"end":{"line":176,"column":45}},{"start":{"line":176,"column":47},"end":{"line":176,"column":49}}],"line":176},"42":{"loc":{"start":{"line":181,"column":13},"end":{"line":189,"column":7}},"type":"if","locations":[{"start":{"line":181,"column":13},"end":{"line":189,"column":7}},{"start":{"line":186,"column":13},"end":{"line":189,"column":7}}],"line":181},"43":{"loc":{"start":{"line":187,"column":28},"end":{"line":187,"column":49}},"type":"binary-expr","locations":[{"start":{"line":187,"column":28},"end":{"line":187,"column":45}},{"start":{"line":187,"column":47},"end":{"line":187,"column":49}}],"line":187},"44":{"loc":{"start":{"line":192,"column":4},"end":{"line":192,"column":52}},"type":"if","locations":[{"start":{"line":192,"column":4},"end":{"line":192,"column":52}},{"start":{},"end":{}}],"line":192},"45":{"loc":{"start":{"line":197,"column":4},"end":{"line":197,"column":93}},"type":"if","locations":[{"start":{"line":197,"column":4},"end":{"line":197,"column":93}},{"start":{},"end":{}}],"line":197},"46":{"loc":{"start":{"line":200,"column":4},"end":{"line":202,"column":5}},"type":"if","locations":[{"start":{"line":200,"column":4},"end":{"line":202,"column":5}},{"start":{},"end":{}}],"line":200},"47":{"loc":{"start":{"line":210,"column":2},"end":{"line":212,"column":3}},"type":"if","locations":[{"start":{"line":210,"column":2},"end":{"line":212,"column":3}},{"start":{},"end":{}}],"line":210},"48":{"loc":{"start":{"line":215,"column":4},"end":{"line":215,"column":78}},"type":"if","locations":[{"start":{"line":215,"column":4},"end":{"line":215,"column":78}},{"start":{},"end":{}}],"line":215}},"s":{"0":7,"1":7,"2":7,"3":7,"4":7,"5":8,"6":1,"7":1,"8":7,"9":7,"10":7,"11":0,"12":0,"13":7,"14":7,"15":7,"16":7,"17":7,"18":7,"19":2,"20":5,"21":5,"22":2,"23":2,"24":3,"25":3,"26":3,"27":3,"28":2,"29":2,"30":1,"31":1,"32":2,"33":2,"34":7,"35":7,"36":0,"37":7,"38":0,"39":7,"40":7,"41":7,"42":1,"43":6,"44":0,"45":6,"46":6,"47":1,"48":1,"49":1,"50":0,"51":0,"52":0,"53":0,"54":7,"55":4,"56":4,"57":4,"58":4,"59":1,"60":1,"61":1,"62":1,"63":0,"64":0,"65":0,"66":0,"67":3,"68":1,"69":1,"70":1,"71":1,"72":1,"73":3,"74":3,"75":1,"76":3,"77":1,"78":3,"79":1,"80":3,"81":0,"82":3,"83":3,"84":0,"85":0,"86":7,"87":4,"88":1,"89":3,"90":3,"91":3,"92":2,"93":1,"94":0,"95":0,"96":7,"97":5,"98":0,"99":5,"100":5,"101":5,"102":1,"103":4,"104":4,"105":1,"106":5,"107":5,"108":4,"109":1,"110":1,"111":1,"112":1,"113":1,"114":0,"115":0,"116":0,"117":0,"118":0,"119":4,"120":0,"121":4,"122":2,"123":0,"124":2,"125":2,"126":1,"127":1,"128":1,"129":7,"130":2,"131":0,"132":2,"133":2,"134":2,"135":1,"136":1,"137":0,"138":0,"139":7},"f":{"0":8,"1":7,"2":4,"3":0,"4":4,"5":5,"6":5,"7":2},"b":{"0":[1,7],"1":[7,0],"2":[7,0],"3":[7,0],"4":[7,0],"5":[7,0],"6":[0,7],"7":[7,7],"8":[2,5],"9":[2,3],"10":[2,1],"11":[3,1],"12":[0,7],"13":[0,7],"14":[1,6],"15":[0,6],"16":[0,0],"17":[1,3],"18":[4,1],"19":[1,0],"20":[1,1,1],"21":[1,2],"22":[3,1],"23":[1,0],"24":[1,0],"25":[1,1,1],"26":[1,2],"27":[1,2],"28":[3,1,1],"29":[1,2],"30":[0,3],"31":[3,0],"32":[1,3],"33":[2,1],"34":[0,5],"35":[1,4],"36":[1,3],"37":[5,0],"38":[5,5],"39":[1,3],"40":[1,0],"41":[1,0],"42":[0,0],"43":[0,0],"44":[0,4],"45":[0,2],"46":[1,1],"47":[0,2],"48":[1,1]},"_coverageSchema":"1a1c01bbd47fc00a2c39e90264f33305004495a9","hash":"fd2a74a988539d2670206bff370fe41524ed1bac"}
}
