TN:
SF:app.js
FN:24,(anonymous_0)
FN:25,(anonymous_1)
FN:34,getCoordinatesForAddress
FN:101,(anonymous_3)
FN:146,(anonymous_4)
FN:173,(anonymous_5)
FN:239,(anonymous_6)
FN:256,(anonymous_7)
FN:342,(anonymous_8)
FN:370,(anonymous_9)
FN:375,(anonymous_10)
FNF:11
FNH:8
FNDA:7,(anonymous_0)
FNDA:0,(anonymous_1)
FNDA:4,getCoordinatesForAddress
FNDA:4,(anonymous_3)
FNDA:4,(anonymous_4)
FNDA:0,(anonymous_5)
FNDA:4,(anonymous_6)
FNDA:2,(anonymous_7)
FNDA:2,(anonymous_8)
FNDA:1,(anonymous_9)
FNDA:0,(anonymous_10)
DA:1,7
DA:2,7
DA:3,7
DA:4,7
DA:7,7
DA:9,7
DA:10,7
DA:13,7
DA:14,7
DA:20,7
DA:23,7
DA:24,7
DA:25,0
DA:27,7
DA:30,7
DA:31,7
DA:36,4
DA:37,1
DA:38,1
DA:42,3
DA:44,3
DA:46,3
DA:47,0
DA:48,0
DA:51,3
DA:52,3
DA:54,3
DA:55,3
DA:57,3
DA:58,3
DA:67,3
DA:68,1
DA:71,2
DA:73,2
DA:74,1
DA:75,1
DA:76,1
DA:78,1
DA:79,0
DA:80,0
DA:82,1
DA:83,1
DA:86,1
DA:87,1
DA:90,1
DA:91,1
DA:101,7
DA:102,4
DA:104,4
DA:105,0
DA:108,4
DA:110,4
DA:112,1
DA:118,3
DA:119,0
DA:125,3
DA:126,3
DA:131,1
DA:132,1
DA:133,1
DA:136,0
DA:138,0
DA:140,0
DA:141,0
DA:146,7
DA:147,4
DA:155,4
DA:157,4
DA:160,4
DA:161,1
DA:162,1
DA:164,1
DA:165,1
DA:168,0
DA:173,0
DA:174,0
DA:175,0
DA:179,3
DA:180,1
DA:181,1
DA:182,1
DA:183,1
DA:185,1
DA:186,1
DA:192,1
DA:194,0
DA:199,3
DA:200,3
DA:201,3
DA:202,3
DA:203,1
DA:205,3
DA:206,1
DA:207,1
DA:209,0
DA:212,3
DA:213,1
DA:214,1
DA:218,3
DA:219,0
DA:220,0
DA:227,3
DA:228,3
DA:229,3
DA:230,3
DA:233,0
DA:234,0
DA:239,7
DA:240,4
DA:241,1
DA:243,3
DA:244,3
DA:245,3
DA:246,2
DA:248,1
DA:250,0
DA:251,0
DA:256,7
DA:257,2
DA:258,0
DA:260,2
DA:261,2
DA:262,2
DA:263,1
DA:267,1
DA:268,1
DA:270,0
DA:271,0
DA:272,0
DA:279,0
DA:280,0
DA:284,1
DA:286,0
DA:294,0
DA:296,0
DA:298,0
DA:299,0
DA:305,0
DA:306,0
DA:312,0
DA:313,0
DA:320,1
DA:326,1
DA:327,0
DA:330,1
DA:333,0
DA:334,0
DA:336,0
DA:337,0
DA:342,7
DA:344,2
DA:345,0
DA:347,2
DA:348,2
DA:349,2
DA:350,1
DA:354,1
DA:356,0
DA:357,0
DA:362,7
DA:363,7
DA:366,7
DA:367,7
DA:370,7
DA:371,1
DA:375,7
DA:376,0
DA:377,0
DA:382,7
LF:169
LH:121
BRDA:10,0,0,7
BRDA:10,0,1,7
BRDA:13,1,0,7
BRDA:13,1,1,0
BRDA:20,2,0,4
BRDA:20,2,1,3
BRDA:36,3,0,1
BRDA:36,3,1,3
BRDA:44,4,0,3
BRDA:44,4,1,0
BRDA:44,5,0,3
BRDA:44,5,1,0
BRDA:44,6,0,3
BRDA:44,6,1,0
BRDA:44,7,0,3
BRDA:44,7,1,0
BRDA:44,8,0,3
BRDA:44,8,1,0
BRDA:46,9,0,0
BRDA:46,9,1,3
BRDA:46,10,0,3
BRDA:46,10,1,3
BRDA:67,11,0,1
BRDA:67,11,1,2
BRDA:73,12,0,1
BRDA:73,12,1,1
BRDA:73,13,0,2
BRDA:73,13,1,2
BRDA:78,14,0,0
BRDA:78,14,1,1
BRDA:78,15,0,1
BRDA:78,15,1,0
BRDA:104,16,0,0
BRDA:104,16,1,4
BRDA:110,17,0,1
BRDA:110,17,1,3
BRDA:118,18,0,0
BRDA:118,18,1,3
BRDA:136,19,0,0
BRDA:136,19,1,0
BRDA:160,20,0,1
BRDA:160,20,1,3
BRDA:160,21,0,4
BRDA:160,21,1,1
BRDA:164,22,0,1
BRDA:164,22,1,0
BRDA:164,23,0,1
BRDA:164,23,1,1
BRDA:164,23,2,1
BRDA:179,24,0,1
BRDA:179,24,1,2
BRDA:179,25,0,3
BRDA:179,25,1,1
BRDA:182,26,0,1
BRDA:182,26,1,0
BRDA:185,27,0,1
BRDA:185,27,1,0
BRDA:185,28,0,1
BRDA:185,28,1,1
BRDA:185,28,2,1
BRDA:202,29,0,1
BRDA:202,29,1,2
BRDA:202,30,0,3
BRDA:202,30,1,1
BRDA:205,31,0,1
BRDA:205,31,1,2
BRDA:205,32,0,3
BRDA:205,32,1,1
BRDA:206,33,0,1
BRDA:206,33,1,0
BRDA:206,34,0,1
BRDA:206,34,1,1
BRDA:212,35,0,1
BRDA:212,35,1,2
BRDA:218,36,0,0
BRDA:218,36,1,3
BRDA:218,37,0,3
BRDA:218,37,1,0
BRDA:218,37,2,0
BRDA:240,38,0,1
BRDA:240,38,1,3
BRDA:245,39,0,2
BRDA:245,39,1,1
BRDA:257,40,0,0
BRDA:257,40,1,2
BRDA:262,41,0,1
BRDA:262,41,1,1
BRDA:268,42,0,0
BRDA:268,42,1,1
BRDA:272,43,0,0
BRDA:272,43,1,0
BRDA:273,44,0,0
BRDA:273,44,1,0
BRDA:273,44,2,0
BRDA:273,44,3,0
BRDA:273,44,4,0
BRDA:273,44,5,0
BRDA:273,44,6,0
BRDA:273,44,7,0
BRDA:273,44,8,0
BRDA:273,44,9,0
BRDA:284,45,0,0
BRDA:284,45,1,1
BRDA:287,46,0,0
BRDA:287,46,1,0
BRDA:288,47,0,0
BRDA:288,47,1,0
BRDA:289,48,0,0
BRDA:289,48,1,0
BRDA:290,49,0,0
BRDA:290,49,1,0
BRDA:291,50,0,0
BRDA:291,50,1,0
BRDA:296,51,0,0
BRDA:296,51,1,0
BRDA:298,52,0,0
BRDA:298,52,1,0
BRDA:305,53,0,0
BRDA:305,53,1,0
BRDA:326,54,0,0
BRDA:326,54,1,1
BRDA:333,55,0,0
BRDA:333,55,1,0
BRDA:344,56,0,0
BRDA:344,56,1,2
BRDA:349,57,0,1
BRDA:349,57,1,1
BRDA:377,58,0,0
BRDA:377,58,1,0
BRDA:378,59,0,0
BRDA:378,59,1,0
BRF:131
BRH:72
end_of_record
TN:
SF:auth.js
FN:8,(anonymous_0)
FN:51,(anonymous_1)
FNF:2
FNH:2
FNDA:5,(anonymous_0)
FNDA:6,(anonymous_1)
DA:1,7
DA:2,7
DA:3,7
DA:4,7
DA:5,7
DA:8,7
DA:9,5
DA:10,5
DA:13,5
DA:14,2
DA:19,3
DA:20,3
DA:22,2
DA:26,1
DA:32,1
DA:35,1
DA:42,0
DA:43,0
DA:45,0
DA:46,0
DA:51,7
DA:52,6
DA:53,6
DA:56,6
DA:57,2
DA:61,4
DA:62,4
DA:64,1
DA:69,3
DA:72,3
DA:73,2
DA:77,1
DA:78,1
DA:79,0
DA:80,0
DA:84,1
DA:90,1
DA:97,1
DA:105,0
DA:106,0
DA:110,7
LF:41
LH:33
BRDA:13,0,0,2
BRDA:13,0,1,3
BRDA:13,1,0,5
BRDA:13,1,1,4
BRDA:20,2,0,2
BRDA:20,2,1,1
BRDA:42,3,0,0
BRDA:42,3,1,0
BRDA:56,4,0,2
BRDA:56,4,1,4
BRDA:56,5,0,6
BRDA:56,5,1,5
BRDA:62,6,0,1
BRDA:62,6,1,3
BRDA:72,7,0,2
BRDA:72,7,1,1
BRDA:78,8,0,0
BRDA:78,8,1,1
BRF:18
BRH:15
end_of_record
TN:
SF:booking.js
FN:10,(anonymous_0)
FN:60,(anonymous_1)
FN:72,(anonymous_2)
FNF:3
FNH:3
FNDA:9,(anonymous_0)
FNDA:1,(anonymous_1)
FNDA:4,(anonymous_2)
DA:1,7
DA:2,7
DA:3,7
DA:4,7
DA:5,7
DA:7,7
DA:10,7
DA:11,9
DA:12,9
DA:15,9
DA:16,1
DA:20,8
DA:21,8
DA:22,1
DA:24,7
DA:25,7
DA:26,1
DA:30,6
DA:31,1
DA:35,5
DA:40,5
DA:41,1
DA:45,4
DA:52,4
DA:53,4
DA:55,0
DA:60,7
DA:61,1
DA:62,1
DA:65,1
DA:67,0
DA:72,7
DA:73,4
DA:76,4
DA:78,1
DA:81,3
DA:83,3
DA:84,3
DA:86,1
DA:90,2
DA:94,2
DA:98,0
DA:99,0
DA:104,7
LF:44
LH:40
BRDA:15,0,0,1
BRDA:15,0,1,8
BRDA:15,1,0,9
BRDA:15,1,1,8
BRDA:15,1,2,8
BRDA:15,1,3,8
BRDA:21,2,0,1
BRDA:21,2,1,7
BRDA:25,3,0,1
BRDA:25,3,1,6
BRDA:30,4,0,1
BRDA:30,4,1,5
BRDA:40,5,0,1
BRDA:40,5,1,4
BRDA:76,6,0,1
BRDA:76,6,1,3
BRDA:84,7,0,1
BRDA:84,7,1,2
BRF:18
BRH:18
end_of_record
TN:
SF:models/Booking.js
FNF:0
FNH:0
DA:1,7
DA:3,7
DA:17,7
DA:18,7
LF:4
LH:4
BRF:0
BRH:0
end_of_record
TN:
SF:models/User.js
FN:22,(anonymous_0)
FN:34,(anonymous_1)
FNF:2
FNH:2
FNDA:11,(anonymous_0)
FNDA:3,(anonymous_1)
DA:1,7
DA:2,7
DA:4,7
DA:22,7
DA:23,11
DA:24,11
DA:25,11
DA:26,11
DA:27,11
DA:29,0
DA:34,7
DA:35,3
DA:38,7
LF:13
LH:12
BRDA:23,0,0,0
BRDA:23,0,1,11
BRF:2
BRH:1
end_of_record
TN:
SF:models/property.js
FN:27,(anonymous_0)
FNF:1
FNH:1
FNDA:19,(anonymous_0)
DA:1,7
DA:4,7
DA:19,7
DA:27,19
DA:32,7
DA:55,7
DA:57,7
LF:7
LH:7
BRF:0
BRH:0
end_of_record
