TN:
SF:app.js
FN:25,(anonymous_0)
FN:26,(anonymous_1)
FN:35,getCoordinatesForAddress
FN:102,(anonymous_3)
FN:147,(anonymous_4)
FN:174,(anonymous_5)
FN:240,(anonymous_6)
FN:257,(anonymous_7)
FN:343,(anonymous_8)
FN:375,(anonymous_9)
FN:380,(anonymous_10)
FNF:11
FNH:8
FNDA:7,(anonymous_0)
FNDA:0,(anonymous_1)
FNDA:8,getCoordinatesForAddress
FNDA:7,(anonymous_3)
FNDA:4,(anonymous_4)
FNDA:0,(anonymous_5)
FNDA:4,(anonymous_6)
FNDA:5,(anonymous_7)
FNDA:2,(anonymous_8)
FNDA:1,(anonymous_9)
FNDA:0,(anonymous_10)
DA:1,7
DA:2,7
DA:3,7
DA:4,7
DA:7,7
DA:9,7
DA:10,7
DA:14,7
DA:15,7
DA:21,7
DA:24,7
DA:25,7
DA:26,0
DA:28,7
DA:31,7
DA:32,7
DA:37,8
DA:38,1
DA:39,1
DA:43,7
DA:45,7
DA:47,7
DA:48,0
DA:49,0
DA:52,7
DA:53,7
DA:55,7
DA:56,7
DA:58,7
DA:59,7
DA:68,7
DA:69,2
DA:72,5
DA:74,5
DA:75,3
DA:76,3
DA:77,3
DA:79,3
DA:80,1
DA:81,1
DA:83,2
DA:84,2
DA:87,2
DA:88,2
DA:91,2
DA:92,2
DA:102,7
DA:103,7
DA:105,7
DA:106,0
DA:109,7
DA:111,7
DA:113,1
DA:119,6
DA:120,0
DA:126,6
DA:127,6
DA:132,1
DA:133,1
DA:134,1
DA:137,0
DA:139,0
DA:141,0
DA:142,0
DA:147,7
DA:148,4
DA:156,4
DA:158,4
DA:161,4
DA:162,1
DA:163,1
DA:165,1
DA:166,1
DA:169,0
DA:174,0
DA:175,0
DA:176,0
DA:180,3
DA:181,1
DA:182,1
DA:183,1
DA:184,1
DA:186,1
DA:187,1
DA:193,1
DA:195,0
DA:200,3
DA:201,3
DA:202,3
DA:203,3
DA:204,1
DA:206,3
DA:207,1
DA:208,1
DA:210,0
DA:213,3
DA:214,1
DA:215,1
DA:219,3
DA:220,0
DA:221,0
DA:228,3
DA:229,3
DA:230,3
DA:231,3
DA:234,0
DA:235,0
DA:240,7
DA:241,4
DA:242,1
DA:244,3
DA:245,3
DA:246,3
DA:247,2
DA:249,1
DA:251,0
DA:252,0
DA:257,7
DA:258,5
DA:259,0
DA:261,5
DA:262,5
DA:263,5
DA:264,1
DA:268,4
DA:269,4
DA:271,1
DA:272,1
DA:273,1
DA:280,1
DA:281,1
DA:285,4
DA:287,1
DA:295,1
DA:297,1
DA:299,1
DA:300,1
DA:306,0
DA:307,0
DA:313,0
DA:314,0
DA:321,4
DA:327,2
DA:328,0
DA:331,2
DA:334,2
DA:335,1
DA:337,1
DA:338,1
DA:343,7
DA:345,2
DA:346,0
DA:348,2
DA:349,2
DA:350,2
DA:351,1
DA:355,1
DA:357,0
DA:358,0
DA:363,7
DA:364,7
DA:367,7
DA:368,7
DA:371,7
DA:372,7
DA:375,7
DA:376,1
DA:380,7
DA:381,0
DA:382,0
DA:387,7
LF:171
LH:139
BRDA:10,0,0,7
BRDA:10,0,1,7
BRDA:21,1,0,4
BRDA:21,1,1,3
BRDA:37,2,0,1
BRDA:37,2,1,7
BRDA:45,3,0,7
BRDA:45,3,1,0
BRDA:45,4,0,7
BRDA:45,4,1,0
BRDA:45,5,0,7
BRDA:45,5,1,0
BRDA:45,6,0,7
BRDA:45,6,1,0
BRDA:45,7,0,7
BRDA:45,7,1,0
BRDA:47,8,0,0
BRDA:47,8,1,7
BRDA:47,9,0,7
BRDA:47,9,1,7
BRDA:68,10,0,2
BRDA:68,10,1,5
BRDA:74,11,0,3
BRDA:74,11,1,2
BRDA:74,12,0,5
BRDA:74,12,1,5
BRDA:79,13,0,1
BRDA:79,13,1,2
BRDA:79,14,0,3
BRDA:79,14,1,1
BRDA:105,15,0,0
BRDA:105,15,1,7
BRDA:111,16,0,1
BRDA:111,16,1,6
BRDA:119,17,0,0
BRDA:119,17,1,6
BRDA:137,18,0,0
BRDA:137,18,1,0
BRDA:161,19,0,1
BRDA:161,19,1,3
BRDA:161,20,0,4
BRDA:161,20,1,1
BRDA:165,21,0,1
BRDA:165,21,1,0
BRDA:165,22,0,1
BRDA:165,22,1,1
BRDA:165,22,2,1
BRDA:180,23,0,1
BRDA:180,23,1,2
BRDA:180,24,0,3
BRDA:180,24,1,1
BRDA:183,25,0,1
BRDA:183,25,1,0
BRDA:186,26,0,1
BRDA:186,26,1,0
BRDA:186,27,0,1
BRDA:186,27,1,1
BRDA:186,27,2,1
BRDA:203,28,0,1
BRDA:203,28,1,2
BRDA:203,29,0,3
BRDA:203,29,1,1
BRDA:206,30,0,1
BRDA:206,30,1,2
BRDA:206,31,0,3
BRDA:206,31,1,1
BRDA:207,32,0,1
BRDA:207,32,1,0
BRDA:207,33,0,1
BRDA:207,33,1,1
BRDA:213,34,0,1
BRDA:213,34,1,2
BRDA:219,35,0,0
BRDA:219,35,1,3
BRDA:219,36,0,3
BRDA:219,36,1,0
BRDA:219,36,2,0
BRDA:241,37,0,1
BRDA:241,37,1,3
BRDA:246,38,0,2
BRDA:246,38,1,1
BRDA:258,39,0,0
BRDA:258,39,1,5
BRDA:263,40,0,1
BRDA:263,40,1,4
BRDA:269,41,0,1
BRDA:269,41,1,3
BRDA:273,42,0,1
BRDA:273,42,1,0
BRDA:274,43,0,1
BRDA:274,43,1,1
BRDA:274,43,2,0
BRDA:274,43,3,0
BRDA:274,43,4,0
BRDA:274,43,5,0
BRDA:274,43,6,0
BRDA:274,43,7,0
BRDA:274,43,8,0
BRDA:274,43,9,0
BRDA:285,44,0,1
BRDA:285,44,1,3
BRDA:288,45,0,1
BRDA:288,45,1,0
BRDA:289,46,0,1
BRDA:289,46,1,0
BRDA:290,47,0,1
BRDA:290,47,1,0
BRDA:291,48,0,1
BRDA:291,48,1,0
BRDA:292,49,0,1
BRDA:292,49,1,0
BRDA:297,50,0,1
BRDA:297,50,1,0
BRDA:299,51,0,1
BRDA:299,51,1,0
BRDA:306,52,0,0
BRDA:306,52,1,0
BRDA:327,53,0,0
BRDA:327,53,1,2
BRDA:334,54,0,1
BRDA:334,54,1,1
BRDA:345,55,0,0
BRDA:345,55,1,2
BRDA:350,56,0,1
BRDA:350,56,1,1
BRDA:382,57,0,0
BRDA:382,57,1,0
BRDA:383,58,0,0
BRDA:383,58,1,0
BRF:129
BRH:87
end_of_record
TN:
SF:auth.js
FN:8,(anonymous_0)
FN:51,(anonymous_1)
FNF:2
FNH:2
FNDA:5,(anonymous_0)
FNDA:6,(anonymous_1)
DA:1,7
DA:2,7
DA:3,7
DA:4,7
DA:5,7
DA:8,7
DA:9,5
DA:10,5
DA:13,5
DA:14,2
DA:19,3
DA:20,3
DA:22,2
DA:26,1
DA:32,1
DA:35,1
DA:42,0
DA:43,0
DA:45,0
DA:46,0
DA:51,7
DA:52,6
DA:53,6
DA:56,6
DA:57,2
DA:61,4
DA:62,4
DA:64,1
DA:69,3
DA:72,3
DA:73,2
DA:77,1
DA:78,1
DA:79,0
DA:80,0
DA:84,1
DA:90,1
DA:97,1
DA:105,0
DA:106,0
DA:110,7
LF:41
LH:33
BRDA:13,0,0,2
BRDA:13,0,1,3
BRDA:13,1,0,5
BRDA:13,1,1,4
BRDA:20,2,0,2
BRDA:20,2,1,1
BRDA:42,3,0,0
BRDA:42,3,1,0
BRDA:56,4,0,2
BRDA:56,4,1,4
BRDA:56,5,0,6
BRDA:56,5,1,5
BRDA:62,6,0,1
BRDA:62,6,1,3
BRDA:72,7,0,2
BRDA:72,7,1,1
BRDA:78,8,0,0
BRDA:78,8,1,1
BRF:18
BRH:15
end_of_record
TN:
SF:booking.js
FN:10,(anonymous_0)
FN:60,(anonymous_1)
FN:72,(anonymous_2)
FNF:3
FNH:3
FNDA:9,(anonymous_0)
FNDA:1,(anonymous_1)
FNDA:4,(anonymous_2)
DA:1,7
DA:2,7
DA:3,7
DA:4,7
DA:5,7
DA:7,7
DA:10,7
DA:11,9
DA:12,9
DA:15,9
DA:16,1
DA:20,8
DA:21,8
DA:22,1
DA:24,7
DA:25,7
DA:26,1
DA:30,6
DA:31,1
DA:35,5
DA:40,5
DA:41,1
DA:45,4
DA:52,4
DA:53,4
DA:55,0
DA:60,7
DA:61,1
DA:62,1
DA:65,1
DA:67,0
DA:72,7
DA:73,4
DA:76,4
DA:78,1
DA:81,3
DA:83,3
DA:84,3
DA:86,1
DA:90,2
DA:94,2
DA:98,0
DA:99,0
DA:104,7
LF:44
LH:40
BRDA:15,0,0,1
BRDA:15,0,1,8
BRDA:15,1,0,9
BRDA:15,1,1,8
BRDA:15,1,2,8
BRDA:15,1,3,8
BRDA:21,2,0,1
BRDA:21,2,1,7
BRDA:25,3,0,1
BRDA:25,3,1,6
BRDA:30,4,0,1
BRDA:30,4,1,5
BRDA:40,5,0,1
BRDA:40,5,1,4
BRDA:76,6,0,1
BRDA:76,6,1,3
BRDA:84,7,0,1
BRDA:84,7,1,2
BRF:18
BRH:18
end_of_record
TN:
SF:imageUpload.js
FN:25,(anonymous_0)
FN:28,(anonymous_1)
FN:33,(anonymous_2)
FN:44,(anonymous_3)
FNF:4
FNH:1
FNDA:0,(anonymous_0)
FNDA:0,(anonymous_1)
FNDA:0,(anonymous_2)
FNDA:5,(anonymous_3)
DA:1,8
DA:2,8
DA:3,8
DA:4,8
DA:5,8
DA:6,8
DA:7,8
DA:9,8
DA:12,8
DA:21,8
DA:26,0
DA:29,0
DA:30,0
DA:35,0
DA:36,0
DA:38,0
DA:44,8
DA:45,5
DA:46,5
DA:47,1
DA:50,4
DA:51,1
DA:54,3
DA:55,3
DA:58,3
DA:64,2
DA:65,1
DA:68,1
DA:73,1
DA:74,1
DA:78,8
LF:31
LH:25
BRDA:35,0,0,0
BRDA:35,0,1,0
BRDA:46,1,0,1
BRDA:46,1,1,4
BRDA:50,2,0,1
BRDA:50,2,1,3
BRDA:50,3,0,4
BRDA:50,3,1,3
BRDA:64,4,0,1
BRDA:64,4,1,1
BRF:10
BRH:8
end_of_record
TN:
SF:models/Booking.js
FNF:0
FNH:0
DA:1,7
DA:3,7
DA:17,7
DA:18,7
LF:4
LH:4
BRF:0
BRH:0
end_of_record
TN:
SF:models/User.js
FN:22,(anonymous_0)
FN:34,(anonymous_1)
FNF:2
FNH:2
FNDA:11,(anonymous_0)
FNDA:3,(anonymous_1)
DA:1,7
DA:2,7
DA:4,7
DA:22,7
DA:23,11
DA:24,11
DA:25,11
DA:26,11
DA:27,11
DA:29,0
DA:34,7
DA:35,3
DA:38,7
LF:13
LH:12
BRDA:23,0,0,0
BRDA:23,0,1,11
BRF:2
BRH:1
end_of_record
TN:
SF:models/property.js
FN:27,(anonymous_0)
FNF:1
FNH:1
FNDA:10,(anonymous_0)
DA:1,8
DA:4,8
DA:19,8
DA:27,10
DA:32,8
DA:55,8
DA:57,8
LF:7
LH:7
BRF:0
BRH:0
end_of_record
